n/369.jpg
n/371.jpg
n/366.jpg
n/357.jpg
n/358.jpg
n/343.jpg
n/346.jpg
n/342.jpg
n/333.jpg
n/320.jpg
n/313.jpg
n/314.jpg
n/305.jpg
n/304.jpg
n/296.jpg
n/274.jpg
n/277.jpg
n/279.jpg
n/268.jpg
n/272.jpg
n/273.jpg
n/257.jpg
n/245.jpg
n/235.jpg
n/236.jpg
n/238.jpg
n/219.jpg
n/205.jpg
n/209.jpg
n/199.jpg
n/200.jpg
n/202.jpg
n/190.jpg
n/189.jpg
n/182.jpg
n/167.jpg
n/165.jpg
n/150.jpg
n/147.jpg
n/144.jpg
n/126.jpg
n/121.jpg
n/113.jpg
n/103.jpg
n/1078.jpg
n/1077.jpg
n/1076.jpg
n/1075.jpg
n/1074.jpg
n/1073.jpg
n/1072.jpg
n/1071.jpg
n/1070.jpg
n/1069.jpg
n/1068.jpg
n/1067.jpg
n/1063.jpg
n/1065.jpg
n/1062.jpg
n/1060.jpg
n/1061.jpg
n/1059.jpg
n/1057.jpg
n/1058.jpg
n/1055.jpg
n/1056.jpg
n/1053.jpg
n/1051.jpg
n/1052.jpg
n/1050.jpg
n/1049.jpg
n/1048.jpg
n/1046.jpg
n/1045.jpg
n/1044.jpg
n/1043.jpg
n/1042.jpg
n/1041.jpg
n/1038.jpg
n/1037.jpg
n/1036.jpg
n/1034.jpg
n/1033.jpg
n/1031.jpg
n/1030.jpg
n/1029.jpg
n/1028.jpg
n/1027.jpg
n/1026.jpg
n/1025.jpg
n/1024.jpg
n/1023.jpg
n/1022.jpg
n/1020.jpg
n/1021.jpg
n/1019.jpg
n/1015.jpg
n/1016.jpg
n/1017.jpg
n/1018.jpg
n/1011.jpg
n/1012.jpg
n/1013.jpg
n/1014.jpg
n/1008.jpg
n/1009.jpg
n/1010.jpg
n/1007.jpg
n/1004.jpg
n/1005.jpg
n/1006.jpg
n/1001.jpg
n/1002.jpg
n/1003.jpg
n/1000.jpg
n/ejmarkdipaa290.jpg
n/ejmarkdipaa289.jpg
n/ejmarkdipaa288.jpg
n/ejmarkdipaa287.jpg
n/ejmarkdiaa953.jpg
n/ejmarkdiaa952.jpg
n/ejmarkdiaa951.jpg
n/ejmarkdiaa950.jpg
n/ejmarkdiaa949.jpg
n/ejmarkdiaa948.jpg
n/ejmarkdiaa947.jpg
n/ejmarkdiaa946.jpg
n/ejmarkdiaa945.jpg
n/ejmarkdiaa944.jpg
n/ejmarkdiaa943.jpg
n/ejmarkdiaa942.jpg
n/ejmarkdiaa941.jpg
n/ejmarkdiaa940.jpg
n/ejmarkdiaa939.jpg
n/ejmarkdiaa938.jpg
n/ejmarkdiaa937.jpg
n/ejmarkdiaa936.jpg
n/ejmarkdiaa935.jpg
n/ejmarkdiaa934.jpg
n/ejmarkdiaa933.jpg
n/ejmarkdiaa932.jpg
n/ejmarkdiaa931.jpg
n/ejmarkdiaa930.jpg
n/ejmarkdiaa929.jpg
n/ejmarkdiaa928.jpg
n/ejmarkdiaa927.jpg
n/ejmarkdiaa926.jpg
n/ejmarkdiaa925.jpg
n/ejmarkdiaa924.jpg
n/ejmarkdiaa923.jpg
n/ejmarkdiaa922.jpg
n/ejmarkdiaa921.jpg
n/ejmarkdiaa920.jpg
n/ejmarkdiaa919.jpg
n/ejmarkdiaa918.jpg
n/ejmarkdiaa917.jpg
n/ejmarkdiaa916.jpg
n/ejmarkdiaa915.jpg
n/ejmarkdiaa914.jpg
n/ejmarkdiaa913.jpg
n/ejmarkdiaa912.jpg
n/ejmarkdiaa911.jpg
n/ejmarkdiaa910.jpg
n/ejmarkdiaa909.jpg
n/ejmarkdiaa908.jpg
n/ejmarkdiaa907.jpg
n/ejmarkdiaa906.jpg
n/ejmarkdiaa905.jpg
n/ejmarkdiaa883.jpg
n/ejmarkdiaa882.jpg
n/ejmarkdiaa881.jpg
n/ejmarkdiaa880.jpg
n/ejmarkdiaa879.jpg
n/ejmarkdiaa878.jpg
n/ejmarkdiaa877.jpg
n/ejmarkdiaa876.jpg
n/ejmarkdiaa875.jpg
n/ejmarkdiaa874.jpg
n/ejmarkdiaa873.jpg
n/ejmarkdiaa872.jpg
n/ejmarkdiaa871.jpg
n/ejmarkdiaa870.jpg
n/ejmarkdiaa869.jpg
n/ejmarkdiaa868.jpg
n/ejmarkdiaa867.jpg
n/ejmarkdiaa866.jpg
n/ejmarkdiaa865.jpg
n/ejmarkdiaa864.jpg
n/ejmarkdiaa863.jpg
n/ejmarkdiaa862.jpg
n/ejmarkdiaa861.jpg
n/ejmarkdiaa860.jpg
n/ejmarkdiaa859.jpg
n/ejmarkdiaa858.jpg
n/ejmarkdiaa857.jpg
n/ejmarkdiaa856.jpg
n/ejmarkdiaa855.jpg
n/ejmarkdiaa854.jpg
n/ejmarkdiaa853.jpg
n/ejmarkdiaa852.jpg
n/ejmarkdiaa851.jpg
n/ejmarkdiaa850.jpg
n/ejmarkdiaa849.jpg
n/ejmarkdiaa848.jpg
n/ejmarkdiaa847.jpg
n/ejmarkdiaa846.jpg
n/ejmarkdiaa845.jpg
n/ejmarkdiaa844.jpg
n/ejmarkdiaa843.jpg
n/ejmarkdiaa842.jpg
n/ejmarkdiaa841.jpg
n/ejmarkdiaa840.jpg
n/ejmarkdiaa839.jpg
n/ejmarkdiaa838.jpg
n/ejmarkdiaa837.jpg
n/ejmarkdiaa836.jpg
n/ejmarkdiaa835.jpg
n/ejmarkdiaa834.jpg
n/ejmarkdiaa833.jpg
n/ejmarkdiaa832.jpg
n/ejmarkdiaa831.jpg
n/ejmarkdiaa830.jpg
n/ejmarkdiaa829.jpg
n/ejmarkdiaa828.jpg
n/ejmarkdiaa776.jpg
n/ejmarkdiaa775.jpg
n/ejmarkdiaa774.jpg
n/ejmarkdiaa773.jpg
n/ejmarkdiaa772.jpg
n/ejmarkdiaa771.jpg
n/ejmarkdiaa770.jpg
n/ejmarkdiaa769.jpg
n/ejmarkdiaa768.jpg
n/ejmarkdiaa767.jpg
n/ejmarkdiaa766.jpg
n/ejmarkdiaa765.jpg
n/ejmarkdiaa764.jpg
n/ejmarkdiaa763.jpg
n/ejmarkdiaa762.jpg
n/ejmarkdiaa761.jpg
n/ejmarkdiaa760.jpg
n/ejmarkdiaa759.jpg
n/ejmarkdiaa758.jpg
n/ejmarkdiaa757.jpg
n/ejmarkdiaa756.jpg
n/ejmarkdiaa755.jpg
n/ejmarkdiaa754.jpg
n/ejmarkdiaa753.jpg
n/ejmarkdiaa752.jpg
n/ejmarkdiaa751.jpg
n/ejmarkdiaa750.jpg
n/ejmarkdiaa749.jpg
n/ejmarkdiaa748.jpg
n/ejmarkdiaa747.jpg
n/ejmarkdiaa746.jpg
n/ejmarkdiaa745.jpg
n/ejmarkdiaa744.jpg
n/ejmarkdiaa743.jpg
n/ejmarkdiaa742.jpg
n/ejmarkdiaa741.jpg
n/ejmarkdiaa740.jpg
n/ejmarkdiaa739.jpg
n/ejmarkdiaa738.jpg
n/ejmarkdiaa737.jpg
n/ejmarkdiaa736.jpg
n/ejmarkdiaa735.jpg
n/ejmarkdiaa734.jpg
n/ejmarkdiaa733.jpg
n/ejmarkdiaa732.jpg
n/ejmarkdiaa731.jpg
n/ejmarkdiaa730.jpg
n/ejmarkdiaa729.jpg
n/ejmarkdiaa728.jpg
n/ejmarkdiaa727.jpg
n/ejmarkdiaa726.jpg
n/ejmarkdiaa725.jpg
n/ejmarkdiaa724.jpg
n/ejmarkdiaa723.jpg
n/ejmarkdiaa722.jpg
n/ejmarkdiaa721.jpg
n/ejmarkdiaa720.jpg
n/ejmarkdiaa719.jpg
n/ejmarkdiaa718.jpg
n/ejmarkdiaa717.jpg
n/ejmarkdiaa716.jpg
n/ejmarkdiaa715.jpg
n/ejmarkdiaa714.jpg
n/ejmarkdiaa713.jpg
n/ejmarkdiaa712.jpg
n/ejmarkdiaa711.jpg
n/ejmarkdiaa710.jpg
n/ejmarkdiaa709.jpg
n/ejmarkdiaa708.jpg
n/ejmarkdiaa707.jpg
n/ejmarkdiaa706.jpg
n/ejmarkdiaa705.jpg
n/ejmarkdiaa704.jpg
n/ejmarkdiaa703.jpg
n/ejmarkdiaa702.jpg
n/ejmarkdiaa701.jpg
n/ejmarkdiaa700.jpg
n/ejmarkdiaa699.jpg
n/ejmarkdiaa698.jpg
n/ejmarkdiaa697.jpg
n/ejmarkdiaa696.jpg
n/ejmarkdiaa695.jpg
n/ejmarkdiaa694.jpg
n/ejmarkdiaa693.jpg
n/ejmarkdiaa692.jpg
n/ejmarkdiaa691.jpg
n/ejmarkdiaa690.jpg
n/ejmarkdiaa689.jpg
n/ejmarkdiaa688.jpg
n/ejmarkdiaa687.jpg
n/ejmarkdiaa686.jpg
n/ejmarkdiaa685.jpg
n/ejmarkdiaa684.jpg
n/ejmarkdiaa683.jpg
n/ejmarkdiaa682.jpg
n/ejmarkdiaa681.jpg
n/ejmarkdiaa680.jpg
n/ejmarkdiaa679.jpg
n/ejmarkdiaa678.jpg
n/ejmarkdiaa677.jpg
n/ejmarkdiaa676.jpg
n/ejmarkdiaa675.jpg
n/ejmarkdiaa674.jpg
n/ejmarkdiaa673.jpg
n/ejmarkdiaa672.jpg
n/ejmarkdiaa671.jpg
n/ejmarkdiaa670.jpg
n/ejmarkdiaa669.jpg
n/ejmarkdiaa668.jpg
n/ejmarkdiaa667.jpg
n/ejmarkdiaa666.jpg
n/ejmarkdiaa665.jpg
n/ejmarkdiaa664.jpg
n/ejmarkdiaa663.jpg
n/ejmarkdiaa662.jpg
n/ejmarkdiaa661.jpg
n/ejmarkdiaa660.jpg
n/ejmarkdiaa659.jpg
n/ejmarkdiaa658.jpg
n/ejmarkdiaa657.jpg
n/ejmarkdiaa656.jpg
n/ejmarkdiaa655.jpg
n/ejmarkdiaa654.jpg
n/ejmarkdiaa653.jpg
n/ejmarkdiaa652.jpg
n/ejmarkdiaa651.jpg
n/ejmarkdiaa650.jpg
n/ejmarkdiaa649.jpg
n/ejmarkdiaa648.jpg
n/ejmarkdiaa647.jpg
n/ejmarkdiaa646.jpg
n/ejmarkdiaa645.jpg
n/ejmarkdiaa644.jpg
n/ejmarkdiaa643.jpg
n/ejmarkdiaa642.jpg
n/ejmarkdiaa641.jpg
n/ejmarkdiaa640.jpg
n/ejmarkdiaa639.jpg
n/ejmarkdiaa638.jpg
n/ejmarkdiaa637.jpg
n/ejmarkdiaa636.jpg
n/ejmarkdiaa635.jpg
n/ejmarkdiaa634.jpg
n/ejmarkdiaa633.jpg
n/ejmarkdiaa632.jpg
n/ejmarkdiaa631.jpg
n/ejmarkdiaa630.jpg
n/ejmarkdiaa629.jpg
n/ejmarkdiaa628.jpg
n/ejmarkdiaa627.jpg
n/ejmarkdiaa626.jpg
n/ejmarkdiaa625.jpg
n/ejmarkdiaa624.jpg
n/ejmarkdiaa623.jpg
n/ejmarkdiaa622.jpg
n/ejmarkdiaa621.jpg
n/ejmarkdiaa620.jpg
n/ejmarkdiaa619.jpg
n/ejmarkdiaa618.jpg
n/ejmarkdiaa617.jpg
n/ejmarkdiaa616.jpg
n/ejmarkdiaa615.jpg
n/ejmarkdiaa614.jpg
n/ejmarkdiaa613.jpg
n/ejmarkdiaa612.jpg
n/ejmarkdiaa611.jpg
n/ejmarkdiaa610.jpg
n/ejmarkdiaa609.jpg
n/ejmarkdiaa608.jpg
n/ejmarkdiaa607.jpg
n/ejmarkdiaa606.jpg
n/ejmarkdiaa605.jpg
n/ejmarkdiaa604.jpg
n/ejmarkdiaa603.jpg
n/ejmarkdiaa602.jpg
n/ejmarkdiaa601.jpg
n/ejmarkdiaa600.jpg
n/ejmarkdiaa599.jpg
n/ejmarkdiaa598.jpg
n/ejmarkdiaa597.jpg
n/ejmarkdiaa596.jpg
n/ejmarkdiaa595.jpg
n/ejmarkdiaa594.jpg
n/ejmarkdiaa593.jpg
n/ejmarkdiaa592.jpg
n/ejmarkdiaa591.jpg
n/ejmarkdiaa590.jpg
n/ejmarkdiaa589.jpg
n/ejmarkdiaa588.jpg
n/ejmarkdiaa587.jpg
n/ejmarkdiaa586.jpg
n/ejmarkdiaa585.jpg
n/ejmarkdiaa584.jpg
n/ejmarkdiaa583.jpg
n/ejmarkdiaa582.jpg
n/ejmarkdiaa581.jpg
n/ejmarkdiaa580.jpg
n/ejmarkdiaa579.jpg
n/ejmarkdiaa578.jpg
n/ejmarkdiaa577.jpg
n/ejmarkdiaa576.jpg
n/ejmarkdiaa575.jpg
n/ejmarkdiaa574.jpg
n/ejmarkdiaa573.jpg
n/ejmarkdiaa572.jpg
n/ejmarkdiaa571.jpg
n/ejmarkdiaa570.jpg
n/ejmarkdiaa569.jpg
n/ejmarkdiaa568.jpg
n/ejmarkdiaa567.jpg
n/ejmarkdiaa566.jpg
n/ejmarkdiaa565.jpg
n/ejmarkdiaa564.jpg
n/ejmarkdiaa563.jpg
n/ejmarkdiaa562.jpg
n/ejmarkdiaa561.jpg
n/ejmarkdiaa560.jpg
n/ejmarkdiaa559.jpg
n/ejmarkdiaa558.jpg
n/ejmarkdiaa557.jpg
n/ejmarkdiaa556.jpg
n/ejmarkdiaa555.jpg
n/ejmarkdiaa554.jpg
n/ejmarkdiaa553.jpg
n/ejmarkdiaa552.jpg
n/ejmarkdiaa551.jpg
n/ejmarkdiaa550.jpg
n/ejmarkdiaa549.jpg
n/ejmarkdiaa548.jpg
n/ejmarkdiaa547.jpg
n/ejmarkdiaa546.jpg
n/ejmarkdiaa545.jpg
n/ejmarkdiaa544.jpg
n/ejmarkdiaa543.jpg
n/ejmarkdiaa542.jpg
n/ejmarkdiaa541.jpg
n/ejmarkdiaa540.jpg
n/ejmarkdiaa539.jpg
n/ejmarkdiaa538.jpg
n/ejmarkdiaa537.jpg
n/ejmarkdiaa536.jpg
n/ejmarkdiaa535.jpg
n/ejmarkdiaa534.jpg
n/ejmarkdiaa533.jpg
n/ejmarkdiaa532.jpg
n/ejmarkdiaa531.jpg
n/ejmarkdiaa530.jpg
n/ejmarkdiaa529.jpg
n/ejmarkdiaa528.jpg
n/ejmarkdiaa527.jpg
n/ejmarkdiaa526.jpg
n/ejmarkdiaa525.jpg
n/ejmarkdiaa524.jpg
n/ejmarkdiaa523.jpg
n/ejmarkdiaa522.jpg
n/ejmarkdiaa521.jpg
n/ejmarkdiaa520.jpg
n/ejmarkdiaa519.jpg
n/ejmarkdiaa518.jpg
n/ejmarkdiaa517.jpg
n/ejmarkdiaa516.jpg
n/ejmarkdiaa515.jpg
n/ejmarkdiaa514.jpg
n/ejmarkdiaa513.jpg
n/ejmarkdiaa512.jpg
n/ejmarkdiaa511.jpg
n/ejmarkdiaa510.jpg
n/ejmarkdiaa509.jpg
n/ejmarkdiaa508.jpg
n/ejmarkdiaa507.jpg
n/ejmarkdiaa506.jpg
n/ejmarkdiaa505.jpg
n/ejmarkdiaa504.jpg
n/ejmarkdiaa503.jpg
n/ejmarkdiaa502.jpg
n/ejmarkdiaa501.jpg
n/ejmarkdiaa500.jpg
n/ejmarkdiaa499.jpg
n/ejmarkdiaa498.jpg
n/ejmarkdiaa497.jpg
n/ejmarkdiaa496.jpg
n/ejmarkdiaa495.jpg
n/ejmarkdiaa494.jpg
n/ejmarkdiaa493.jpg
n/ejmarkdiaa492.jpg
n/ejmarkdiaa491.jpg
n/ejmarkdiaa490.jpg
n/ejmarkdiaa489.jpg
n/ejmarkdiaa488.jpg
n/ejmarkdiaa487.jpg
n/ejmarkdiaa486.jpg
n/ejmarkdiaa485.jpg
n/ejmarkdiaa484.jpg
n/ejmarkdiaa483.jpg
n/ejmarkdiaa482.jpg
n/ejmarkdiaa481.jpg
n/ejmarkdiaa480.jpg
n/ejmarkdiaa479.jpg
n/ejmarkdiaa478.jpg
n/ejmarkdiaa477.jpg
n/ejmarkdiaa476.jpg
n/ejmarkdiaa475.jpg
n/ejmarkdiaa474.jpg
n/ejmarkdiaa473.jpg
n/aaaaak99.jpg
n/aaaaak98.jpg
n/aaaaak97.jpg
n/aaaaak96.jpg
n/aaaaak95.jpg
n/aaaaak94.jpg
n/aaaaak93.jpg
n/aaaaak92.jpg
n/aaaaak91.jpg
n/aaaaak90.jpg
n/aaaaak89.jpg
n/aaaaak88.jpg
n/aaaaak87.jpg
n/aaaaak86.jpg
n/aaaaak85.jpg
n/aaaaak84.jpg
n/aaaaak83.jpg
n/aaaaak82.jpg
n/aaaaak81.jpg
n/aaaaak80.jpg
n/aaaaak79.jpg
n/aaaaak78.jpg
n/aaaaak77.jpg
n/aaaaak76.jpg
n/aaaaak75.jpg
n/aaaaak74.jpg
n/aaaaak73.jpg
n/aaaaak72.jpg
n/aaaaak71.jpg
n/aaaaak70.jpg
n/aaaaak69.jpg
n/aaaaak68.jpg
n/aaaaak67.jpg
n/aaaaak66.jpg
n/aaaaak65.jpg
n/aaaaak64.jpg
n/aaaaak63.jpg
n/aaaaak62.jpg
n/aaaaak61.jpg
n/aaaaak60.jpg
n/aaaaak59.jpg
n/aaaaak58.jpg
n/aaaaak57.jpg
n/aaaaak56.jpg
n/aaaaak55.jpg
n/aaaaak54.jpg
n/aaaaak53.jpg
n/aaaaak52.jpg
n/aaaaak51.jpg
n/aaaaak50.jpg
n/aaaaak49.jpg
n/aaaaak48.jpg
n/aaaaak47.jpg
n/aaaaak230.jpg
n/aaaaak229.jpg
n/aaaaak228.jpg
n/aaaaak227.jpg
n/aaaaak226.jpg
n/aaaaak225.jpg
n/aaaaak224.jpg
n/aaaaak223.jpg
n/aaaaak222.jpg
n/aaaaak221.jpg
n/aaaaak220.jpg
n/aaaaak219.jpg
n/aaaaak218.jpg
n/aaaaak217.jpg
n/aaaaak216.jpg
n/aaaaak215.jpg
n/aaaaak214.jpg
n/aaaaak213.jpg
n/aaaaak212.jpg
n/aaaaak211.jpg
n/aaaaak210.jpg
n/aaaaak209.jpg
n/aaaaak208.jpg
n/aaaaak207.jpg
n/aaaaak206.jpg
n/aaaaak205.jpg
n/aaaaak204.jpg
n/aaaaak203.jpg
n/aaaaak202.jpg
n/aaaaak201.jpg
n/aaaaak200.jpg
n/aaaaak199.jpg
n/aaaaak198.jpg
n/aaaaak197.jpg
n/aaaaak196.jpg
n/aaaaak195.jpg
n/aaaaak194.jpg
n/aaaaak193.jpg
n/aaaaak192.jpg
n/aaaaak191.jpg
n/aaaaak190.jpg
n/aaaaak189.jpg
n/aaaaak188.jpg
n/aaaaak187.jpg
n/aaaaak186.jpg
n/aaaaak185.jpg
n/aaaaak184.jpg
n/aaaaak183.jpg
n/aaaaak182.jpg
n/aaaaak180.jpg
n/aaaaak181.jpg
n/aaaaak176.jpg
n/aaaaak177.jpg
n/aaaaak178.jpg
n/aaaaak179.jpg
n/aaaaak173.jpg
n/aaaaak174.jpg
n/aaaaak175.jpg
n/aaaaak172.jpg
n/aaaaak170.jpg
n/aaaaak171.jpg
n/aaaaak168.jpg
n/aaaaak169.jpg
n/aaaaak167.jpg
n/aaaaak165.jpg
n/aaaaak166.jpg
n/aaaaak163.jpg
n/aaaaak164.jpg
n/aaaaak161.jpg
n/aaaaak162.jpg
n/aaaaak160.jpg
n/aaaaak158.jpg
n/aaaaak159.jpg
n/aaaaak157.jpg
n/aaaaak156.jpg
n/aaaaak154.jpg
n/aaaaak155.jpg
n/aaaaak153.jpg
n/aaaaak152.jpg
n/aaaaak150.jpg
n/aaaaak151.jpg
n/aaaaak148.jpg
n/aaaaak149.jpg
n/aaaaak147.jpg
n/aaaaak146.jpg
n/aaaaak145.jpg
n/aaaaak144.jpg
n/aaaaak142.jpg
n/aaaaak143.jpg
n/aaaaak141.jpg
n/aaaaak140.jpg
n/aaaaak139.jpg
n/aaaaak138.jpg
n/aaaaak137.jpg
n/aaaaak136.jpg
n/aaaaak135.jpg
n/aaaaak134.jpg
n/aaaaak133.jpg
n/aaaaak132.jpg
n/aaaaak131.jpg
n/aaaaak130.jpg
n/aaaaak129.jpg
n/aaaaak128.jpg
n/aaaaak127.jpg
n/aaaaak126.jpg
n/aaaaak125.jpg
n/aaaaak124.jpg
n/aaaaak123.jpg
n/aaaaak122.jpg
n/aaaaak121.jpg
n/aaaaak120.jpg
n/aaaaak119.jpg
n/aaaaak118.jpg
n/aaaaak117.jpg
n/aaaaak116.jpg
n/aaaaak115.jpg
n/aaaaak114.jpg
n/aaaaak113.jpg
n/aaaaak112.jpg
n/aaaaak111.jpg
n/aaaaak110.jpg
n/aaaaak109.jpg
n/aaaaak108.jpg
n/aaaaak107.jpg
n/aaaaak106.jpg
n/aaaaak105.jpg
n/aaaaak104.jpg
n/aaaaak103.jpg
n/aaaaak102.jpg
n/aaaaak101.jpg
n/aaaaak100.jpg
n/aaaaaf85.jpg
n/aaaaaf84.jpg
n/aaaaaf83.jpg
n/aaaaaf82.jpg
n/aaaaaf81.jpg
n/aaaaaf80.jpg
n/aaaaaf79.jpg
n/aaaaaf78.jpg
n/aaaaaf77.jpg
n/aaaaaf75.jpg
n/aaaaaf76.jpg
n/aaaaaf73.jpg
n/aaaaaf74.jpg
n/aaaaaf72.jpg
n/aaaaaf70.jpg
n/aaaaaf71.jpg
n/aaaaaf68.jpg
n/aaaaaf69.jpg
n/aaaaaf67.jpg
n/aaaaaf66.jpg
n/aaaaaf65.jpg
n/aaaaaf64.jpg
n/aaaaaf60.jpg
n/aaaaaf61.jpg
n/aaaaaf62.jpg
n/aaaaaf63.jpg
n/aaaaaf59.jpg
n/aaaaaf58.jpg
n/aaaaaf57.jpg
n/aaaaaf56.jpg
n/aaaaaf55.jpg
n/aaaaaf53.jpg
n/aaaaaf54.jpg
n/aaaaaf51.jpg
n/aaaaaf52.jpg
n/aaaaaf50.jpg
n/aaaaaf47.jpg
n/aaaaaf48.jpg
n/aaaaaf49.jpg
n/aaaaaf46.jpg
n/aaaaaf45.jpg
n/aaaaaf44.jpg
n/aaaaaf43.jpg
n/aaaaaf42.jpg
n/aaaaaf41.jpg
n/aaaaaf40.jpg
n/aaaaaf39.jpg
n/aaaaaf38.jpg
n/aaaaaf37.jpg
n/aaaaaf36.jpg
n/aaaaaf35.jpg
n/aaaaaf34.jpg
n/aaaaaf33.jpg
n/aaaaaf32.jpg
n/aaaaaf31.jpg
n/aaaaaf30.jpg
n/aaaaaf29.jpg
n/aaaaaf28.jpg
n/aaaaaf27.jpg
n/aaaaaf26.jpg
n/aaaaaf25.jpg
n/aaaaaf24.jpg
n/aaaaaf23.jpg
n/aaaaaf22.jpg
n/aaaaa99.jpg
n/aaaaa98.jpg
n/aaaaa97.jpg
n/aaaaa96.jpg
n/aaaaa95.jpg
n/aaaaa94.jpg
n/aaaaa93.jpg
n/aaaaa92.jpg
n/aaaaa91.jpg
n/aaaaa90.jpg
n/aaaaa89.jpg
n/aaaaa88.jpg
n/aaaaa87.jpg
n/aaaaa86.jpg
n/aaaaa167.jpg
n/aaaaa166.jpg
n/aaaaa165.jpg
n/aaaaa164.jpg
n/aaaaa163.jpg
n/aaaaa162.jpg
n/aaaaa161.jpg
n/aaaaa160.jpg
n/aaaaa159.jpg
n/aaaaa158.jpg
n/aaaaa157.jpg
n/aaaaa156.jpg
n/aaaaa155.jpg
n/aaaaa154.jpg
n/aaaaa153.jpg
n/aaaaa152.jpg
n/aaaaa151.jpg
n/aaaaa150.jpg
n/aaaaa149.jpg
n/aaaaa148.jpg
n/aaaaa147.jpg
n/aaaaa146.jpg
n/aaaaa145.jpg
n/aaaaa144.jpg
n/aaaaa143.jpg
n/aaaaa142.jpg
n/aaaaa141.jpg
n/aaaaa140.jpg
n/aaaaa139.jpg
n/aaaaa138.jpg
n/aaaaa137.jpg
n/aaaaa136.jpg
n/aaaaa135.jpg
n/aaaaa134.jpg
n/aaaaa133.jpg
n/aaaaa132.jpg
n/aaaaa131.jpg
n/aaaaa130.jpg
n/aaaaa129.jpg
n/aaaaa128.jpg
n/aaaaa127.jpg
n/aaaaa126.jpg
n/aaaaa125.jpg
n/aaaaa124.jpg
n/aaaaa123.jpg
n/aaaaa122.jpg
n/aaaaa121.jpg
n/aaaaa120.jpg
n/aaaaa119.jpg
n/aaaaa118.jpg
n/aaaaa117.jpg
n/aaaaa116.jpg
n/aaaaa115.jpg
n/aaaaa114.jpg
n/aaaaa113.jpg
n/aaaaa112.jpg
n/aaaaa111.jpg
n/aaaaa110.jpg
n/aaaaa109.jpg
n/aaaaa108.jpg
n/aaaaa107.jpg
n/aaaaa106.jpg
n/aaaaa105.jpg
n/aaaaa104.jpg
n/aaaaa103.jpg
n/aaaaa102.jpg
n/aaaaa101.jpg
n/aaaaa100.jpg
n/ej1hn132.jpg
n/ej1hn131.jpg
n/ej1hn130.jpg
n/ej1hn129.jpg
n/ej1hn128.jpg
n/ej1hn127.jpg
n/ej1hn126.jpg
n/ej1hn125.jpg
n/ej1hn124.jpg
n/ej1hn123.jpg
n/ej1hn122.jpg
n/ej1hn121.jpg
n/ej1hn120.jpg
n/ej1hn119.jpg
n/ej1hn118.jpg
n/ej1hn117.jpg
n/ej1hn116.jpg
n/ej1hn115.jpg
n/ej1hn114.jpg
n/ej1hn113.jpg
n/ej1hn112.jpg
n/ej1hn111.jpg
n/ej1hn110.jpg
n/ej1hn109.jpg
n/ej1hn108.jpg
n/ej1hn107.jpg
n/ej1hn106.jpg
n/ej1hn105.jpg
n/ej1hn104.jpg
n/ej1hn103.jpg
n/ej1hn102.jpg
n/ej1hn101.jpg
n/ej1hn100.jpg
n/ej1hn99.jpg
n/ej1hn98.jpg
n/ej1hn97.jpg
n/ej1hn96.jpg
n/ej1hn95.jpg
n/ej1hn94.jpg
n/ej1hn93.jpg
n/ej1hn92.jpg
n/ej1hn91.jpg
n/ej1hn90.jpg
n/ej1hn89.jpg
n/ej1hn88.jpg
n/ej1hn87.jpg
n/ej1hn86.jpg
n/ej1hn85.jpg
n/ej1hn84.jpg
n/ej1hn83.jpg
n/ej1hn82.jpg
n/ej1hn81.jpg
n/ej1hn80.jpg
n/ej1hn79.jpg
n/ej1hn78.jpg
n/ej1hn77.jpg
n/ej1hn76.jpg
n/ej1hn75.jpg
n/ej1hn74.jpg
n/ej1hn73.jpg
n/ej1hn72.jpg
n/ej1hn71.jpg
n/ej1hn70.jpg
n/ej1hn69.jpg
n/ej1hn68.jpg
n/ej1hn67.jpg
n/ej1hn66.jpg
n/ej1hn65.jpg
n/ej1hn64.jpg
n/ej1hn63.jpg
n/ej1hn62.jpg
n/ej1hn61.jpg
n/ej1hn60.jpg
n/ej1hn59.jpg
n/ej1hn58.jpg
n/ej1hn57.jpg
n/ej1hn56.jpg
n/ej1hn55.jpg
n/ej1hn54.jpg
n/ej1hn53.jpg
n/ej1hn52.jpg
n/ej1hn51.jpg
n/ej1hn50.jpg
n/ej1hn49.jpg
n/ej1hn48.jpg
n/ej1hn47.jpg
n/ej1hn46.jpg
n/ej1hn45.jpg
n/ej1hn44.jpg
n/ej1hn43.jpg
n/ej1hn42.jpg
n/ej1hn41.jpg
n/ej1hn40.jpg
n/ej1hn39.jpg
n/ej1hn38.jpg
n/ej1hn37.jpg
n/ej1hn36.jpg
n/ej1hn35.jpg
n/ej1hn34.jpg
n/ej1hn33.jpg
n/ej1hn32.jpg
n/ej1hn31.jpg
n/ej1hn30.jpg
n/ej1hn29.jpg
n/ej1hn28.jpg
n/ej1hn27.jpg
n/ej1hn26.jpg
n/ej1hn25.jpg
n/ej1hn24.jpg
n/ej1hn23.jpg
n/ej1hn22.jpg
n/ej1hn21.jpg
n/ej1hn20.jpg
n/ej1hn19.jpg
n/ej1hn18.jpg
n/rrrr1n153.jpg
n/rrrr1n152.jpg
n/rrrr1n151.jpg
n/rrrr1n150.jpg
n/rrrr1n149.jpg
n/rrrr1n148.jpg
n/rrrr1n147.jpg
n/rrrr1n146.jpg
n/rrrr1n145.jpg
n/rrrr1n144.jpg
n/dddn21107.jpg
n/dddn21106.jpg
n/dddn21105.jpg
n/dddn21104.jpg
n/dddn21103.jpg
n/dddn21102.jpg
n/dddn21101.jpg
n/dddn21100.jpg
n/dddn21099.jpg
n/dddn21098.jpg
n/dddn21097.jpg
n/dddn21096.jpg
n/dddn21094.jpg
n/dddn21095.jpg
n/dddn21093.jpg
n/dddn21092.jpg
n/dddn21091.jpg
n/dddn21090.jpg
n/dddn21089.jpg
n/dddn21088.jpg
n/dddn21087.jpg
n/dddn21085.jpg
n/dddn21086.jpg
n/dddn21084.jpg
n/dddn21083.jpg
n/dddn21082.jpg
n/dddn21081.jpg
n/dddn21080.jpg
n/dddn21079.jpg
n/dddn21078.jpg
n/dddn21077.jpg
n/dddn21076.jpg
n/dddn21075.jpg
n/dddn21074.jpg
n/dddn21073.jpg
n/dddn21072.jpg
n/dddn21071.jpg
n/dddn21070.jpg
n/dddn21069.jpg
n/dddn21068.jpg
n/dddn21067.jpg
n/dddn21066.jpg
n/dddn21065.jpg
n/dddn21064.jpg
n/dddn21063.jpg
n/dddn21062.jpg
n/dddn21061.jpg
n/dddn21060.jpg
n/dddn21059.jpg
n/dddn21058.jpg
n/dddn21057.jpg
n/dddn21056.jpg
n/dddn21055.jpg
n/dddn21054.jpg
n/dddn21053.jpg
n/dddn21052.jpg
n/dddn21051.jpg
n/dddn21050.jpg
n/dddn21048.jpg
n/dddn21049.jpg
n/dddn21047.jpg
n/dddn21046.jpg
n/dddn21045.jpg
n/dddn21044.jpg
n/dddn21043.jpg
n/dddn21042.jpg
n/dddn21041.jpg
n/dddn21040.jpg
n/dddn21039.jpg
n/dddn21038.jpg
n/dddn21002.jpg
n/dddn21001.jpg
n/dddn21000.jpg
n/dddn2999.jpg
n/dddn2998.jpg
n/dddn2997.jpg
n/dddn2996.jpg
n/dddn2995.jpg
n/dddn2994.jpg
n/dddn2993.jpg
n/dddn2992.jpg
n/dddn2991.jpg
n/dddn2990.jpg
n/dddn2989.jpg
n/dddn2988.jpg
n/dddn2987.jpg
n/dddn2985.jpg
n/dddn2986.jpg
n/dddn2982.jpg
n/dddn2983.jpg
n/dddn2984.jpg
n/dddn2979.jpg
n/dddn2980.jpg
n/dddn2981.jpg
n/dddn2977.jpg
n/dddn2978.jpg
n/dddn2974.jpg
n/dddn2975.jpg
n/dddn2976.jpg
n/dddn2971.jpg
n/dddn2972.jpg
n/dddn2973.jpg
n/dddn2968.jpg
n/dddn2969.jpg
n/dddn2970.jpg
n/dddn2965.jpg
n/dddn2966.jpg
n/dddn2967.jpg
n/dddn2963.jpg
n/dddn2964.jpg
n/dddn2961.jpg
n/dddn2962.jpg
n/dddn2959.jpg
n/dddn2960.jpg
n/dddn2956.jpg
n/dddn2957.jpg
n/dddn2958.jpg
n/dddn2953.jpg
n/dddn2954.jpg
n/dddn2955.jpg
n/dddn2950.jpg
n/dddn2951.jpg
n/dddn2952.jpg
n/dddn2947.jpg
n/dddn2948.jpg
n/dddn2949.jpg
n/dddn2944.jpg
n/dddn2945.jpg
n/dddn2946.jpg
n/dddn2941.jpg
n/dddn2942.jpg
n/dddn2943.jpg
n/dddn2939.jpg
n/dddn2940.jpg
n/dddn2938.jpg
n/dddn2937.jpg
n/dddn2936.jpg
n/dddn2935.jpg
n/dddn2934.jpg
n/dddn2933.jpg
n/dddn2932.jpg
n/dddn2931.jpg
n/dddn2930.jpg
n/dddn2929.jpg
n/dddn2928.jpg
n/dddn2927.jpg
n/dddn2926.jpg
n/dddn2925.jpg
n/dddn2923.jpg
n/dddn2924.jpg
n/dddn2920.jpg
n/dddn2921.jpg
n/dddn2922.jpg
n/dddn2918.jpg
n/dddn2919.jpg
n/dddn2917.jpg
n/dddn2916.jpg
n/dddn2913.jpg
n/dddn2914.jpg
n/dddn2915.jpg
n/dddn2912.jpg
n/dddn2911.jpg
n/dddn2909.jpg
n/dddn2910.jpg
n/dddn2908.jpg
n/dddn2907.jpg
n/dddn2904.jpg
n/dddn2905.jpg
n/dddn2906.jpg
n/dddn2902.jpg
n/dddn2903.jpg
n/dddn2900.jpg
n/dddn2901.jpg
n/dddn2899.jpg
n/dddn2897.jpg
n/dddn2898.jpg
n/dddn2895.jpg
n/dddn2896.jpg
n/dddn2894.jpg
n/dddn2893.jpg
n/dddn2892.jpg
n/dddn2890.jpg
n/dddn2891.jpg
n/dddn2889.jpg
n/dddn2888.jpg
n/dddn2887.jpg
n/dddn2886.jpg
n/dddn2885.jpg
n/dddn2884.jpg
n/dddn2882.jpg
n/dddn2883.jpg
n/dddn2881.jpg
n/dddn2880.jpg
n/dddn2879.jpg
n/dddn2878.jpg
n/dddn2877.jpg
n/dddn2874.jpg
n/dddn2875.jpg
n/dddn2876.jpg
n/dddn2871.jpg
n/dddn2872.jpg
n/dddn2873.jpg
n/dddn2867.jpg
n/dddn2868.jpg
n/dddn2869.jpg
n/dddn2870.jpg
n/dddn2866.jpg
n/dddn2865.jpg
n/dddn2864.jpg
n/dddn2861.jpg
n/dddn2862.jpg
n/dddn2863.jpg
n/dddn2860.jpg
n/dddn2858.jpg
n/dddn2859.jpg
n/dddn2857.jpg
n/dddn2856.jpg
n/dddn2855.jpg
n/dddn2854.jpg
n/dddn2853.jpg
n/dddn2852.jpg
n/Diego98.jpg
n/Diego99.jpg
n/Diego95.jpg
n/Diego96.jpg
n/Diego97.jpg
n/Diego93.jpg
n/Diego94.jpg
n/Diego91.jpg
n/Diego92.jpg
n/Diego9.jpg
n/Diego90.jpg
n/Diego88.jpg
n/Diego89.jpg
n/Diego85.jpg
n/Diego86.jpg
n/Diego87.jpg
n/Diego83.jpg
n/Diego84.jpg
n/Diego81.jpg
n/Diego82.jpg
n/Diego80.jpg
n/Diego8.jpg
n/Diego79.jpg
n/Diego77.jpg
n/Diego78.jpg
n/Diego75.jpg
n/Diego76.jpg
n/Diego73.jpg
n/Diego74.jpg
n/Diego7.jpg
n/Diego70.jpg
n/Diego71.jpg
n/Diego72.jpg
n/Diego68.jpg
n/Diego69.jpg
n/Diego66.jpg
n/Diego67.jpg
n/Diego64.jpg
n/Diego65.jpg
n/Diego61.jpg
n/Diego62.jpg
n/Diego63.jpg
n/Diego59.jpg
n/Diego6.jpg
n/Diego60.jpg
n/Diego57.jpg
n/Diego58.jpg
n/Diego54.jpg
n/Diego55.jpg
n/Diego56.jpg
n/Diego52.jpg
n/Diego53.jpg
n/Diego51.jpg
n/Diego50.jpg
n/Diego5.jpg
n/Diego494.jpg
n/Diego493.jpg
n/Diego491.jpg
n/Diego492.jpg
n/Diego490.jpg
n/Diego489.jpg
n/Diego49.jpg
n/Diego488.jpg
n/Diego486.jpg
n/Diego487.jpg
n/Diego484.jpg
n/Diego485.jpg
n/Diego483.jpg
n/Diego482.jpg
n/Diego481.jpg
n/Diego480.jpg
n/Diego479.jpg
n/Diego48.jpg
n/Diego477.jpg
n/Diego478.jpg
n/Diego462.jpg
n/Diego463.jpg
n/Diego464.jpg
n/Diego465.jpg
n/Diego466.jpg
n/Diego467.jpg
n/Diego468.jpg
n/Diego469.jpg
n/Diego47.jpg
n/Diego470.jpg
n/Diego471.jpg
n/Diego472.jpg
n/Diego473.jpg
n/Diego474.jpg
n/Diego475.jpg
n/Diego476.jpg
n/Diego454.jpg
n/Diego455.jpg
n/Diego456.jpg
n/Diego457.jpg
n/Diego458.jpg
n/Diego459.jpg
n/Diego46.jpg
n/Diego460.jpg
n/Diego461.jpg
n/Diego451.jpg
n/Diego452.jpg
n/Diego453.jpg
n/Diego448.jpg
n/Diego449.jpg
n/Diego45.jpg
n/Diego450.jpg
n/Diego437.jpg
n/Diego438.jpg
n/Diego439.jpg
n/Diego44.jpg
n/Diego440.jpg
n/Diego441.jpg
n/Diego442.jpg
n/Diego443.jpg
n/Diego444.jpg
n/Diego445.jpg
n/Diego446.jpg
n/Diego447.jpg
n/Diego433.jpg
n/Diego434.jpg
n/Diego435.jpg
n/Diego436.jpg
n/Diego430.jpg
n/Diego431.jpg
n/Diego432.jpg
n/Diego43.jpg
n/Diego407.jpg
n/Diego408.jpg
n/Diego409.jpg
n/Diego41.jpg
n/Diego410.jpg
n/Diego411.jpg
n/Diego412.jpg
n/Diego413.jpg
n/Diego414.jpg
n/Diego415.jpg
n/Diego416.jpg
n/Diego417.jpg
n/Diego418.jpg
n/Diego419.jpg
n/Diego42.jpg
n/Diego420.jpg
n/Diego421.jpg
n/Diego422.jpg
n/Diego423.jpg
n/Diego424.jpg
n/Diego425.jpg
n/Diego426.jpg
n/Diego427.jpg
n/Diego428.jpg
n/Diego429.jpg
n/Diego406.jpg
n/Diego39.jpg
n/Diego4.jpg
n/Diego40.jpg
n/Diego401.jpg
n/Diego402.jpg
n/Diego403.jpg
n/Diego404.jpg
n/Diego405.jpg
n/Diego37.jpg
n/Diego38.jpg
n/Diego36.jpg
n/Diego34.jpg
n/Diego35.jpg
n/Diego312.jpg
n/Diego313.jpg
n/Diego314.jpg
n/Diego315.jpg
n/Diego316.jpg
n/Diego317.jpg
n/Diego318.jpg
n/Diego319.jpg
n/Diego32.jpg
n/Diego320.jpg
n/Diego33.jpg
n/Diego290.jpg
n/Diego291.jpg
n/Diego292.jpg
n/Diego293.jpg
n/Diego294.jpg
n/Diego295.jpg
n/Diego296.jpg
n/Diego297.jpg
n/Diego298.jpg
n/Diego299.jpg
n/Diego3.jpg
n/Diego30.jpg
n/Diego300.jpg
n/Diego301.jpg
n/Diego302.jpg
n/Diego303.jpg
n/Diego304.jpg
n/Diego305.jpg
n/Diego306.jpg
n/Diego307.jpg
n/Diego308.jpg
n/Diego309.jpg
n/Diego31.jpg
n/Diego310.jpg
n/Diego311.jpg
n/Diego288.jpg
n/Diego289.jpg
n/Diego29.jpg
n/Diego287.jpg
n/Diego263.jpg
n/Diego264.jpg
n/Diego265.jpg
n/Diego266.jpg
n/Diego267.jpg
n/Diego268.jpg
n/Diego269.jpg
n/Diego27.jpg
n/Diego270.jpg
n/Diego271.jpg
n/Diego272.jpg
n/Diego273.jpg
n/Diego274.jpg
n/Diego275.jpg
n/Diego276.jpg
n/Diego277.jpg
n/Diego278.jpg
n/Diego279.jpg
n/Diego28.jpg
n/Diego280.jpg
n/Diego281.jpg
n/Diego282.jpg
n/Diego283.jpg
n/Diego284.jpg
n/Diego285.jpg
n/Diego286.jpg
n/Diego262.jpg
n/Diego239.jpg
n/Diego24.jpg
n/Diego240.jpg
n/Diego241.jpg
n/Diego242.jpg
n/Diego243.jpg
n/Diego244.jpg
n/Diego245.jpg
n/Diego246.jpg
n/Diego247.jpg
n/Diego248.jpg
n/Diego249.jpg
n/Diego25.jpg
n/Diego250.jpg
n/Diego251.jpg
n/Diego252.jpg
n/Diego253.jpg
n/Diego254.jpg
n/Diego255.jpg
n/Diego256.jpg
n/Diego257.jpg
n/Diego258.jpg
n/Diego259.jpg
n/Diego26.jpg
n/Diego260.jpg
n/Diego261.jpg
n/Diego216.jpg
n/Diego217.jpg
n/Diego218.jpg
n/Diego219.jpg
n/Diego22.jpg
n/Diego220.jpg
n/Diego221.jpg
n/Diego222.jpg
n/Diego223.jpg
n/Diego224.jpg
n/Diego225.jpg
n/Diego226.jpg
n/Diego227.jpg
n/Diego228.jpg
n/Diego229.jpg
n/Diego23.jpg
n/Diego230.jpg
n/Diego231.jpg
n/Diego232.jpg
n/Diego233.jpg
n/Diego234.jpg
n/Diego235.jpg
n/Diego236.jpg
n/Diego237.jpg
n/Diego238.jpg
n/Diego215.jpg
n/Diego193.jpg
n/Diego194.jpg
n/Diego195.jpg
n/Diego196.jpg
n/Diego197.jpg
n/Diego198.jpg
n/Diego199.jpg
n/Diego2.jpg
n/Diego20.jpg
n/Diego200.jpg
n/Diego201.jpg
n/Diego202.jpg
n/Diego203.jpg
n/Diego204.jpg
n/Diego205.jpg
n/Diego206.jpg
n/Diego207.jpg
n/Diego208.jpg
n/Diego209.jpg
n/Diego21.jpg
n/Diego210.jpg
n/Diego211.jpg
n/Diego212.jpg
n/Diego213.jpg
n/Diego214.jpg
n/Diego192.jpg
n/Diego17.jpg
n/Diego170.jpg
n/Diego171.jpg
n/Diego172.jpg
n/Diego173.jpg
n/Diego174.jpg
n/Diego175.jpg
n/Diego176.jpg
n/Diego177.jpg
n/Diego178.jpg
n/Diego179.jpg
n/Diego18.jpg
n/Diego180.jpg
n/Diego181.jpg
n/Diego182.jpg
n/Diego183.jpg
n/Diego184.jpg
n/Diego185.jpg
n/Diego186.jpg
n/Diego187.jpg
n/Diego188.jpg
n/Diego189.jpg
n/Diego19.jpg
n/Diego190.jpg
n/Diego191.jpg
n/Diego148.jpg
n/Diego149.jpg
n/Diego15.jpg
n/Diego150.jpg
n/Diego151.jpg
n/Diego152.jpg
n/Diego153.jpg
n/Diego154.jpg
n/Diego155.jpg
n/Diego156.jpg
n/Diego157.jpg
n/Diego158.jpg
n/Diego159.jpg
n/Diego16.jpg
n/Diego160.jpg
n/Diego161.jpg
n/Diego162.jpg
n/Diego163.jpg
n/Diego164.jpg
n/Diego165.jpg
n/Diego166.jpg
n/Diego167.jpg
n/Diego168.jpg
n/Diego169.jpg
n/Diego1470.jpg
n/Diego1471.jpg
n/Diego147.jpg
n/Diego1448.jpg
n/Diego1449.jpg
n/Diego145.jpg
n/Diego1450.jpg
n/Diego1451.jpg
n/Diego1452.jpg
n/Diego1453.jpg
n/Diego1454.jpg
n/Diego1455.jpg
n/Diego1456.jpg
n/Diego1457.jpg
n/Diego1458.jpg
n/Diego1459.jpg
n/Diego146.jpg
n/Diego1460.jpg
n/Diego1461.jpg
n/Diego1462.jpg
n/Diego1463.jpg
n/Diego1464.jpg
n/Diego1465.jpg
n/Diego1466.jpg
n/Diego1467.jpg
n/Diego1468.jpg
n/Diego1469.jpg
n/Diego1447.jpg
n/Diego1425.jpg
n/Diego1426.jpg
n/Diego1427.jpg
n/Diego1428.jpg
n/Diego1429.jpg
n/Diego143.jpg
n/Diego1430.jpg
n/Diego1431.jpg
n/Diego1432.jpg
n/Diego1433.jpg
n/Diego1434.jpg
n/Diego1435.jpg
n/Diego1436.jpg
n/Diego1437.jpg
n/Diego1438.jpg
n/Diego1439.jpg
n/Diego144.jpg
n/Diego1440.jpg
n/Diego1441.jpg
n/Diego1442.jpg
n/Diego1443.jpg
n/Diego1444.jpg
n/Diego1445.jpg
n/Diego1446.jpg
n/Diego1424.jpg
n/Diego1403.jpg
n/Diego1404.jpg
n/Diego1405.jpg
n/Diego1406.jpg
n/Diego1407.jpg
n/Diego1408.jpg
n/Diego1409.jpg
n/Diego141.jpg
n/Diego1410.jpg
n/Diego1411.jpg
n/Diego1412.jpg
n/Diego1413.jpg
n/Diego1414.jpg
n/Diego1415.jpg
n/Diego1416.jpg
n/Diego1417.jpg
n/Diego1418.jpg
n/Diego1419.jpg
n/Diego142.jpg
n/Diego1420.jpg
n/Diego1421.jpg
n/Diego1422.jpg
n/Diego1423.jpg
n/Diego1402.jpg
n/Diego1381.jpg
n/Diego1382.jpg
n/Diego1383.jpg
n/Diego1384.jpg
n/Diego1385.jpg
n/Diego1386.jpg
n/Diego1387.jpg
n/Diego1388.jpg
n/Diego1389.jpg
n/Diego139.jpg
n/Diego1390.jpg
n/Diego1391.jpg
n/Diego1392.jpg
n/Diego1393.jpg
n/Diego1394.jpg
n/Diego1395.jpg
n/Diego1396.jpg
n/Diego1397.jpg
n/Diego1398.jpg
n/Diego1399.jpg
n/Diego14.jpg
n/Diego140.jpg
n/Diego1400.jpg
n/Diego1401.jpg
n/Diego1380.jpg
n/Diego136.jpg
n/Diego137.jpg
n/Diego1373.jpg
n/Diego1374.jpg
n/Diego1375.jpg
n/Diego1376.jpg
n/Diego1377.jpg
n/Diego1378.jpg
n/Diego1379.jpg
n/Diego138.jpg
n/Diego134.jpg
n/Diego135.jpg
n/Diego132.jpg
n/Diego133.jpg
n/Diego13.jpg
n/Diego130.jpg
n/Diego131.jpg
n/Diego127.jpg
n/Diego128.jpg
n/Diego129.jpg
n/Diego125.jpg
n/Diego126.jpg
n/Diego123.jpg
n/Diego124.jpg
n/Diego121.jpg
n/Diego122.jpg
n/Diego120.jpg
n/Diego12.jpg
n/Diego118.jpg
n/Diego119.jpg
n/Diego117.jpg
n/Diego116.jpg
n/Diego115.jpg
n/Diego114.jpg
n/Diego112.jpg
n/Diego113.jpg
n/Diego11.jpg
n/Diego110.jpg
n/Diego111.jpg
n/Diego109.jpg
n/Diego108.jpg
n/Diego107.jpg
n/Diego106.jpg
n/Diego104.jpg
n/Diego105.jpg
n/Diego101.jpg
n/Diego102.jpg
n/Diego103.jpg
n/Diego0.jpg
n/Diego1.jpg
n/Diego10.jpg
n/Diego100.jpg
n/Yo203.jpg
n/Yo204.jpg
n/Yo205.jpg
n/Yo206.jpg
n/Yo207.jpg
n/Yo208.jpg
n/Yo209.jpg
n/Yo210.jpg
n/Yo211.jpg
n/Yo212.jpg
n/Yo213.jpg
n/Yo214.jpg
n/Yo184.jpg
n/Yo185.jpg
n/Yo186.jpg
n/Yo187.jpg
n/Yo188.jpg
n/Yo189.jpg
n/Yo190.jpg
n/Yo191.jpg
n/Yo168.jpg
n/Yo169.jpg
n/Yo170.jpg
n/Yo171.jpg
n/Yo172.jpg
n/Yo173.jpg
n/Yo174.jpg
n/Yo175.jpg
n/Yo176.jpg
n/Yo177.jpg
n/Yo178.jpg
n/Yo179.jpg
n/Yo180.jpg
n/Yo181.jpg
n/Yo182.jpg
n/Yo183.jpg
n/Yo154.jpg
n/Yo155.jpg
n/Yo156.jpg
n/Yo157.jpg
n/Yo158.jpg
n/Yo159.jpg
n/Yo160.jpg
n/Yo161.jpg
n/Yo162.jpg
n/Yo163.jpg
n/Yo164.jpg
n/Yo165.jpg
n/Yo166.jpg
n/Yo167.jpg
n/Yo153.jpg
n/Yo152.jpg
n/Yo151.jpg
n/Yo150.jpg
n/Yo149.jpg
n/Yo148.jpg
n/Yo147.jpg
n/Yo146.jpg
n/Yo145.jpg
n/Yo144.jpg
n/Yo143.jpg
n/Yo142.jpg
n/Yo140.jpg
n/Yo141.jpg
n/Yo139.jpg
n/Yo138.jpg
n/Yo137.jpg
n/Yo136.jpg
n/Yo135.jpg
n/Yo134.jpg
n/Yo133.jpg
n/Yo132.jpg
n/Yo131.jpg
n/Rodri80.jpg
n/Rodri81.jpg
n/Rodri82.jpg
n/Rodri83.jpg
n/Rodri84.jpg
n/Rodri85.jpg
n/Rodri86.jpg
n/Rodri87.jpg
n/Rodri88.jpg
n/Rodri89.jpg
n/Rodri90.jpg
n/Rodri91.jpg
n/Rodri92.jpg
n/Rodri93.jpg
n/Rodri94.jpg
n/Rodri95.jpg
n/Rodri96.jpg
n/Rodri97.jpg
n/Rodri98.jpg
n/Rodri99.jpg
n/Rodri174.jpg
n/Rodri175.jpg
n/Rodri176.jpg
n/Rodri177.jpg
n/Rodri178.jpg
n/Rodri179.jpg
n/Rodri69.jpg
n/Rodri70.jpg
n/Rodri71.jpg
n/Rodri72.jpg
n/Rodri73.jpg
n/Rodri74.jpg
n/Rodri75.jpg
n/Rodri76.jpg
n/Rodri77.jpg
n/Rodri78.jpg
n/Rodri79.jpg
n/Rodri165.jpg
n/Rodri166.jpg
n/Rodri167.jpg
n/Rodri168.jpg
n/Rodri169.jpg
n/Rodri170.jpg
n/Rodri171.jpg
n/Rodri172.jpg
n/Rodri173.jpg
n/Rodri135.jpg
n/Rodri136.jpg
n/Rodri137.jpg
n/Rodri138.jpg
n/Rodri139.jpg
n/Rodri140.jpg
n/Rodri141.jpg
n/Rodri142.jpg
n/Rodri143.jpg
n/Rodri144.jpg
n/Rodri130.jpg
n/Rodri131.jpg
n/Rodri132.jpg
n/Rodri133.jpg
n/Rodri134.jpg
n/Rodri122.jpg
n/Rodri123.jpg
n/Rodri124.jpg
n/Rodri125.jpg
n/Rodri126.jpg
n/Rodri127.jpg
n/Rodri128.jpg
n/Rodri129.jpg
n/Rodri121.jpg
n/Rodri120.jpg
n/Rodri119.jpg
n/Rodri118.jpg
n/Rodri117.jpg
n/Rodri116.jpg
n/Rodri115.jpg
n/Rodri114.jpg
n/Rodri113.jpg
n/Rodri112.jpg
n/Rodri1114.jpg
n/Rodri1113.jpg
n/Rodri1112.jpg
n/Rodri1110.jpg
n/Rodri1111.jpg
n/Rodri1109.jpg
n/Rodri111.jpg
n/Rodri1108.jpg
n/Rodri1107.jpg
n/Rodri1106.jpg
n/Rodri1105.jpg
n/Rodri1104.jpg
n/Rodri1101.jpg
n/Rodri1102.jpg
n/Rodri1103.jpg
n/Rodri1099.jpg
n/Rodri110.jpg
n/Rodri1100.jpg
n/Rodri100.jpg
n/Rodri101.jpg
n/Rodri102.jpg
n/Rodri103.jpg
n/Rodri104.jpg
n/Rodri105.jpg
n/Rodri106.jpg
n/Rodri107.jpg
n/Rodri108.jpg
n/Rodri109.jpg
n/Marco2390.jpg
n/Marco2391.jpg
n/Marco2392.jpg
n/Marco2393.jpg
n/Marco2394.jpg
n/Marco2395.jpg
n/Marco2396.jpg
n/Marco2397.jpg
n/Marco2398.jpg
n/Marco2399.jpg
n/Marco2400.jpg
n/Marco2401.jpg
n/Marco2376.jpg
n/Marco2377.jpg
n/Marco2378.jpg
n/Marco2379.jpg
n/Marco2380.jpg
n/Marco2381.jpg
n/Marco2382.jpg
n/Marco2383.jpg
n/Marco2384.jpg
n/Marco2385.jpg
n/Marco2386.jpg
n/Marco2387.jpg
n/Marco2388.jpg
n/Marco2389.jpg
n/Marco2375.jpg
n/Marco2374.jpg
n/Marco2355.jpg
n/Marco2356.jpg
n/Marco2357.jpg
n/Marco2358.jpg
n/Marco2359.jpg
n/Marco2360.jpg
n/Marco2361.jpg
n/Marco2362.jpg
n/Marco2363.jpg
n/Marco2364.jpg
n/Marco2365.jpg
n/Marco2366.jpg
n/Marco2367.jpg
n/Marco2368.jpg
n/Marco2369.jpg
n/Marco2370.jpg
n/Marco2371.jpg
n/Marco2372.jpg
n/Marco2373.jpg
n/Marco2354.jpg
n/Marco2342.jpg
n/Marco2343.jpg
n/Marco2344.jpg
n/Marco2345.jpg
n/Marco2346.jpg
n/Marco2347.jpg
n/Marco2348.jpg
n/Marco2349.jpg
n/Marco2350.jpg
n/Marco2351.jpg
n/Marco2352.jpg
n/Marco2353.jpg
n/Marco2330.jpg
n/Marco2331.jpg
n/Marco2332.jpg
n/Marco2333.jpg
n/Marco2334.jpg
n/Marco2335.jpg
n/Marco2336.jpg
n/Marco2337.jpg
n/Marco2338.jpg
n/Marco2339.jpg
n/Marco2340.jpg
n/Marco2341.jpg
n/Marco2306.jpg
n/Marco2307.jpg
n/Marco2308.jpg
n/Marco2309.jpg
n/Marco2310.jpg
n/Marco2311.jpg
n/Marco2312.jpg
n/Marco2313.jpg
n/Marco2314.jpg
n/Marco2315.jpg
n/Marco2316.jpg
n/Marco2317.jpg
n/Marco2318.jpg
n/Marco2319.jpg
n/Marco2320.jpg
n/Marco2321.jpg
n/Marco2322.jpg
n/Marco2323.jpg
n/Marco2324.jpg
n/Marco2325.jpg
n/Marco2326.jpg
n/Marco2327.jpg
n/Marco2328.jpg
n/Marco2329.jpg
n/Marco2290.jpg
n/Marco2291.jpg
n/Marco2292.jpg
n/Marco2293.jpg
n/Marco2294.jpg
n/Marco2295.jpg
n/Marco2296.jpg
n/Marco2297.jpg
n/Marco2298.jpg
n/Marco2299.jpg
n/Marco2300.jpg
n/Marco2301.jpg
n/Marco2302.jpg
n/Marco2303.jpg
n/Marco2304.jpg
n/Marco2305.jpg
n/Marco2287.jpg
n/Marco2288.jpg
n/Marco2289.jpg
n/Marco2286.jpg
n/Marco2271.jpg
n/Marco2272.jpg
n/Marco2273.jpg
n/Marco2274.jpg
n/Marco2275.jpg
n/Marco2276.jpg
n/Marco2277.jpg
n/Marco2278.jpg
n/Marco2279.jpg
n/Marco2280.jpg
n/Marco2281.jpg
n/Marco2282.jpg
n/Marco2283.jpg
n/Marco2284.jpg
n/Marco2285.jpg
n/Marco2270.jpg
n/Marco2258.jpg
n/Marco2259.jpg
n/Marco2260.jpg
n/Marco2261.jpg
n/Marco2262.jpg
n/Marco2263.jpg
n/Marco2264.jpg
n/Marco2265.jpg
n/Marco2266.jpg
n/Marco2267.jpg
n/Marco2268.jpg
n/Marco2269.jpg
n/Marco2257.jpg
n/Marco2256.jpg
n/Marco2255.jpg
n/Marco2243.jpg
n/Marco2244.jpg
n/Marco2245.jpg
n/Marco2246.jpg
n/Marco2247.jpg
n/Marco2248.jpg
n/Marco2249.jpg
n/Marco2250.jpg
n/Marco2251.jpg
n/Marco2252.jpg
n/Marco2253.jpg
n/Marco2254.jpg
n/Marco2242.jpg
n/Marco2219.jpg
n/Marco2220.jpg
n/Marco2221.jpg
n/Marco2222.jpg
n/Marco2223.jpg
n/Marco2224.jpg
n/Marco2225.jpg
n/Marco2226.jpg
n/Marco2227.jpg
n/Marco2228.jpg
n/Marco2229.jpg
n/Marco2230.jpg
n/Marco2231.jpg
n/Marco2232.jpg
n/Marco2233.jpg
n/Marco2234.jpg
n/Marco2235.jpg
n/Marco2236.jpg
n/Marco2237.jpg
n/Marco2238.jpg
n/Marco2239.jpg
n/Marco2240.jpg
n/Marco2241.jpg
n/Marco2218.jpg
n/Marco2217.jpg
n/Marco2205.jpg
n/Marco2206.jpg
n/Marco2207.jpg
n/Marco2208.jpg
n/Marco2209.jpg
n/Marco2210.jpg
n/Marco2211.jpg
n/Marco2212.jpg
n/Marco2213.jpg
n/Marco2214.jpg
n/Marco2215.jpg
n/Marco2216.jpg
n/Marco2204.jpg
n/Marco2192.jpg
n/Marco2193.jpg
n/Marco2194.jpg
n/Marco2195.jpg
n/Marco2196.jpg
n/Marco2197.jpg
n/Marco2198.jpg
n/Marco2199.jpg
n/Marco2200.jpg
n/Marco2201.jpg
n/Marco2202.jpg
n/Marco2203.jpg
n/Marco2191.jpg
n/Marco2181.jpg
n/Marco2182.jpg
n/Marco2183.jpg
n/Marco2184.jpg
n/Marco2185.jpg
n/Marco2186.jpg
n/Marco2187.jpg
n/Marco2188.jpg
n/Marco2189.jpg
n/Marco2190.jpg
n/Marco2179.jpg
n/Marco2180.jpg
n/Marco2167.jpg
n/Marco2168.jpg
n/Marco2169.jpg
n/Marco2170.jpg
n/Marco2171.jpg
n/Marco2172.jpg
n/Marco2173.jpg
n/Marco2174.jpg
n/Marco2175.jpg
n/Marco2176.jpg
n/Marco2177.jpg
n/Marco2178.jpg
n/Marco2166.jpg
n/Marco1846.jpg
n/Marco1847.jpg
n/Marco1848.jpg
n/Marco1849.jpg
n/Marco1850.jpg
n/Marco1851.jpg
n/Marco2161.jpg
n/Marco2162.jpg
n/Marco2163.jpg
n/Marco2164.jpg
n/Marco2165.jpg
n/Marco1845.jpg
n/Marco1833.jpg
n/Marco1834.jpg
n/Marco1835.jpg
n/Marco1836.jpg
n/Marco1837.jpg
n/Marco1838.jpg
n/Marco1839.jpg
n/Marco1840.jpg
n/Marco1841.jpg
n/Marco1842.jpg
n/Marco1843.jpg
n/Marco1844.jpg
n/Marco1832.jpg
n/Marco1831.jpg
n/Marco1830.jpg
n/Marco1828.jpg
n/Marco1829.jpg
n/Marco1826.jpg
n/Marco1827.jpg
n/Marco1825.jpg
n/Marco1824.jpg
n/Marco1822.jpg
n/Marco1823.jpg
n/Marco1820.jpg
n/Marco1821.jpg
n/Marco1819.jpg
n/Marco1817.jpg
n/Marco1818.jpg
n/Marco1816.jpg
n/Marco1814.jpg
n/Marco1815.jpg
n/Marco1813.jpg
n/Marco1812.jpg
n/Marco1810.jpg
n/Marco1811.jpg
n/Marco1809.jpg
n/Marco1808.jpg
n/Marco1807.jpg
n/Marco1806.jpg
n/Marco1805.jpg
n/Marco1804.jpg
n/Marco1803.jpg
n/Marco1802.jpg
n/Marco1801.jpg
n/Marco1800.jpg
n/Marco1799.jpg
n/Marco1798.jpg
n/Marco1797.jpg
n/Marco1796.jpg
n/Marco1795.jpg
n/Marco1786.jpg
n/Marco1787.jpg
n/Marco1788.jpg
n/Marco1789.jpg
n/Marco1790.jpg
n/Marco1791.jpg
n/Marco1792.jpg
n/Marco1793.jpg
n/Marco1794.jpg
n/Marco1785.jpg
n/Marco1777.jpg
n/Marco1778.jpg
n/Marco1779.jpg
n/Marco1780.jpg
n/Marco1781.jpg
n/Marco1782.jpg
n/Marco1783.jpg
n/Marco1784.jpg
n/Marco1776.jpg
n/Marco1767.jpg
n/Marco1768.jpg
n/Marco1769.jpg
n/Marco1770.jpg
n/Marco1771.jpg
n/Marco1772.jpg
n/Marco1773.jpg
n/Marco1774.jpg
n/Marco1775.jpg
n/Marco1753.jpg
n/Marco1754.jpg
n/Marco1755.jpg
n/Marco1756.jpg
n/Marco1757.jpg
n/Marco1758.jpg
n/Marco1759.jpg
n/Marco1760.jpg
n/Marco1761.jpg
n/Marco1762.jpg
n/Marco1763.jpg
n/Marco1764.jpg
n/Marco1765.jpg
n/Marco1766.jpg
n/Marco1752.jpg
n/Marco1745.jpg
n/Marco1746.jpg
n/Marco1747.jpg
n/Marco1748.jpg
n/Marco1749.jpg
n/Marco1750.jpg
n/Marco1751.jpg
n/Marco1642.jpg
n/Marco1643.jpg
n/Marco1644.jpg
n/Marco1645.jpg
n/Marco1646.jpg
n/Marco1647.jpg
n/Marco1648.jpg
n/Marco1641.jpg
n/Marco1626.jpg
n/Marco1627.jpg
n/Marco1628.jpg
n/Marco1629.jpg
n/Marco1630.jpg
n/Marco1631.jpg
n/Marco1632.jpg
n/Marco1633.jpg
n/Marco1634.jpg
n/Marco1635.jpg
n/Marco1636.jpg
n/Marco1637.jpg
n/Marco1638.jpg
n/Marco1639.jpg
n/Marco1640.jpg
n/Marco1609.jpg
n/Marco1610.jpg
n/Marco1611.jpg
n/Marco1612.jpg
n/Marco1613.jpg
n/Marco1614.jpg
n/Marco1615.jpg
n/Marco1616.jpg
n/Marco1617.jpg
n/Marco1618.jpg
n/Marco1619.jpg
n/Marco1620.jpg
n/Marco1621.jpg
n/Marco1622.jpg
n/Marco1623.jpg
n/Marco1624.jpg
n/Marco1625.jpg
n/Marco1608.jpg
n/Marco1603.jpg
n/Marco1604.jpg
n/Marco1605.jpg
n/Marco1606.jpg
n/Marco1607.jpg
n/gd9.jpg
n/gd8.jpg
n/gd7.jpg
n/gd6.jpg
n/gd5.jpg
n/gd4.jpg
n/gd3.jpg
n/gd23.jpg
n/gd22.jpg
n/gd21.jpg
n/gd20.jpg
n/gd2.jpg
n/gd19.jpg
n/gd18.jpg
n/gd17.jpg
n/gd16.jpg
n/gd15.jpg
n/gd14.jpg
n/gd13.jpg
n/gd12.jpg
n/gd11.jpg
n/gd0.jpg
n/gd1.jpg
n/gd10.jpg
n/gc201.jpg
n/gc198.jpg
n/gc199.jpg
n/gc200.jpg
n/gc193.jpg
n/gc194.jpg
n/gc195.jpg
n/gc196.jpg
n/gc197.jpg
n/gc188.jpg
n/gc189.jpg
n/gc190.jpg
n/gc191.jpg
n/gc192.jpg
n/gc183.jpg
n/gc184.jpg
n/gc185.jpg
n/gc186.jpg
n/gc187.jpg
n/gc182.jpg
n/gc178.jpg
n/gc179.jpg
n/gc180.jpg
n/gc181.jpg
n/gc177.jpg
n/gc176.jpg
n/gc175.jpg
n/gc174.jpg
n/gc173.jpg
n/gc172.jpg
n/gc171.jpg
n/gc170.jpg
n/gc169.jpg
n/gc168.jpg
n/gc167.jpg
n/gc163.jpg
n/gc164.jpg
n/gc165.jpg
n/gc166.jpg
n/gc162.jpg
n/gc158.jpg
n/gc159.jpg
n/gc160.jpg
n/gc161.jpg
n/gc157.jpg
n/gc151.jpg
n/gc152.jpg
n/gc153.jpg
n/gc154.jpg
n/gc155.jpg
n/gc156.jpg
n/gc150.jpg
n/gc149.jpg
n/gc148.jpg
n/gc147.jpg
n/gc146.jpg
n/gc145.jpg
n/gc144.jpg
n/gc143.jpg
n/gc142.jpg
n/gc141.jpg
n/gc135.jpg
n/gc136.jpg
n/gc137.jpg
n/gc138.jpg
n/gc139.jpg
n/gc140.jpg
n/gc134.jpg
n/gc131.jpg
n/gc132.jpg
n/gc133.jpg
n/gc129.jpg
n/gc130.jpg
n/gc126.jpg
n/gc127.jpg
n/gc128.jpg
n/ga181.jpg
n/ga182.jpg
n/ga183.jpg
n/ga184.jpg
n/ga185.jpg
n/ga186.jpg
n/ga187.jpg
n/ga188.jpg
n/ga189.jpg
n/ga190.jpg
n/ga191.jpg
n/ga192.jpg
n/ga193.jpg
n/ga194.jpg
n/ga195.jpg
n/ga177.jpg
n/ga178.jpg
n/ga179.jpg
n/ga180.jpg
n/Entorno9.jpg
n/Entorno71.jpg
n/Entorno72.jpg
n/Entorno8.jpg
n/Entorno60.jpg
n/Entorno61.jpg
n/Entorno62.jpg
n/Entorno63.jpg
n/Entorno64.jpg
n/Entorno65.jpg
n/Entorno66.jpg
n/Entorno67.jpg
n/Entorno68.jpg
n/Entorno69.jpg
n/Entorno7.jpg
n/Entorno70.jpg
n/Entorno47.jpg
n/Entorno48.jpg
n/Entorno49.jpg
n/Entorno50.jpg
n/Entorno51.jpg
n/Entorno52.jpg
n/Entorno53.jpg
n/Entorno54.jpg
n/Entorno55.jpg
n/Entorno56.jpg
n/Entorno57.jpg
n/Entorno58.jpg
n/Entorno59.jpg
n/Entorno6.jpg
n/Entorno45.jpg
n/Entorno46.jpg
n/Entorno44.jpg
n/Entorno43.jpg
n/Entorno42.jpg
n/Entorno41.jpg
n/Entorno40.jpg
n/Entorno39.jpg
n/Entorno38.jpg
n/Entorno37.jpg
n/Entorno34.jpg
n/Entorno35.jpg
n/Entorno36.jpg
n/Entorno316.jpg
n/Entorno317.jpg
n/Entorno318.jpg
n/Entorno319.jpg
n/Entorno320.jpg
n/Entorno321.jpg
n/Entorno322.jpg
n/Entorno323.jpg
n/Entorno324.jpg
n/Entorno315.jpg
n/Entorno314.jpg
n/Entorno313.jpg
n/Entorno312.jpg
n/Entorno311.jpg
n/Entorno310.jpg
n/Entorno309.jpg
n/Entorno308.jpg
n/Entorno307.jpg
n/Entorno306.jpg
n/Entorno305.jpg
n/Entorno304.jpg
n/Entorno303.jpg
n/Entorno3.jpg
n/Entorno22.jpg
n/Entorno21.jpg
n/Entorno20.jpg
n/Entorno2.jpg
n/Entorno19.jpg
n/Entorno18.jpg
n/Entorno17.jpg
n/Entorno16.jpg
n/Entorno15.jpg
n/Entorno133.jpg
n/Entorno134.jpg
n/Entorno135.jpg
n/Entorno136.jpg
n/Entorno137.jpg
n/Entorno138.jpg
n/Entorno139.jpg
n/Entorno14.jpg
n/Entorno140.jpg
n/Entorno141.jpg
n/Entorno132.jpg
n/Entorno12.jpg
n/Entorno124.jpg
n/Entorno125.jpg
n/Entorno126.jpg
n/Entorno127.jpg
n/Entorno128.jpg
n/Entorno129.jpg
n/Entorno13.jpg
n/Entorno130.jpg
n/Entorno131.jpg
n/Entorno1.jpg
n/Entorno10.jpg
n/Entorno11.jpg
n/Entorno0.jpg
n/Diego540.jpg
n/Diego541.jpg
n/Diego542.jpg
n/Diego530.jpg
n/Diego531.jpg
n/Diego532.jpg
n/Diego533.jpg
n/Diego534.jpg
n/Diego535.jpg
n/Diego536.jpg
n/Diego537.jpg
n/Diego538.jpg
n/Diego539.jpg
n/Diego1340.jpg
n/Diego1341.jpg
n/Diego1342.jpg
n/Diego1343.jpg
n/Diego1344.jpg
n/Diego1345.jpg
n/Diego1346.jpg
n/Diego1347.jpg
n/Diego1348.jpg
n/Diego1349.jpg
n/Diego1350.jpg
n/Diego1351.jpg
n/Diego1352.jpg
n/Diego1339.jpg
n/Diego1326.jpg
n/Diego1327.jpg
n/Diego1328.jpg
n/Diego1329.jpg
n/Diego1330.jpg
n/Diego1331.jpg
n/Diego1332.jpg
n/Diego1333.jpg
n/Diego1334.jpg
n/Diego1335.jpg
n/Diego1336.jpg
n/Diego1337.jpg
n/Diego1338.jpg
n/Diego1312.jpg
n/Diego1313.jpg
n/Diego1314.jpg
n/Diego1315.jpg
n/Diego1316.jpg
n/Diego1317.jpg
n/Diego1318.jpg
n/Diego1319.jpg
n/Diego1320.jpg
n/Diego1321.jpg
n/Diego1322.jpg
n/Diego1323.jpg
n/Diego1324.jpg
n/Diego1325.jpg
n/Diego1053.jpg
n/Diego1054.jpg
n/Diego1055.jpg
n/Diego1056.jpg
n/Diego1057.jpg
n/Diego1058.jpg
n/Diego1059.jpg
n/Diego1060.jpg
n/Diego1061.jpg
n/Diego1062.jpg
n/Diego1063.jpg
n/Diego1064.jpg
n/Diego1065.jpg
n/Diego1066.jpg
n/Diego1067.jpg
n/Diego1068.jpg
n/Diego1069.jpg
n/Diego1070.jpg
n/Diego1071.jpg
n/Diego1051.jpg
n/Diego1052.jpg
n/John9.jpg
n/John8.jpg
n/John7.jpg
n/John6.jpg
n/John5.jpg
n/John4.jpg
n/John3.jpg
n/John24.jpg
n/John23.jpg
n/John22.jpg
n/John21.jpg
n/John20.jpg
n/John19.jpg
n/John18.jpg
n/John17.jpg
n/John16.jpg
n/John15.jpg
n/John14.jpg
n/John13.jpg
n/John12.jpg
n/John11.jpg
n/John10.jpg
n/augmented_image_311.jpg
n/augmented_image_314.jpg
n/augmented_image_315.jpg
n/augmented_image_317.jpg
n/augmented_image_318.jpg
n/augmented_image_319.jpg
n/augmented_image_32.jpg
n/augmented_image_33.jpg
n/augmented_image_35.jpg
n/augmented_image_36.jpg
n/augmented_image_37.jpg
n/augmented_image_38.jpg
n/augmented_image_39.jpg
n/augmented_image_4.jpg
n/augmented_image_40.jpg
n/augmented_image_41.jpg
n/augmented_image_42.jpg
n/augmented_image_43.jpg
n/augmented_image_44.jpg
n/augmented_image_45.jpg
n/augmented_image_48.jpg
n/augmented_image_5.jpg
n/augmented_image_50.jpg
n/augmented_image_51.jpg
n/augmented_image_52.jpg
n/augmented_image_53.jpg
n/augmented_image_54.jpg
n/augmented_image_55.jpg
n/augmented_image_56.jpg
n/augmented_image_57.jpg
n/augmented_image_58.jpg
n/augmented_image_59.jpg
n/augmented_image_60.jpg
n/augmented_image_61.jpg
n/augmented_image_62.jpg
n/augmented_image_63.jpg
n/augmented_image_64.jpg
n/augmented_image_65.jpg
n/augmented_image_66.jpg
n/augmented_image_67.jpg
n/augmented_image_68.jpg
n/augmented_image_69.jpg
n/augmented_image_7.jpg
n/augmented_image_70.jpg
n/augmented_image_71.jpg
n/augmented_image_72.jpg
n/augmented_image_73.jpg
n/augmented_image_74.jpg
n/augmented_image_76.jpg
n/augmented_image_77.jpg
n/augmented_image_78.jpg
n/augmented_image_79.jpg
n/augmented_image_80.jpg
n/augmented_image_81.jpg
n/augmented_image_82.jpg
n/augmented_image_83.jpg
n/augmented_image_84.jpg
n/augmented_image_85.jpg
n/augmented_image_86.jpg
n/augmented_image_87.jpg
n/augmented_image_88.jpg
n/augmented_image_89.jpg
n/augmented_image_90.jpg
n/augmented_image_91.jpg
n/augmented_image_92.jpg
n/augmented_image_93.jpg
n/augmented_image_94.jpg
n/augmented_image_95.jpg
n/augmented_image_96.jpg
n/augmented_image_97.jpg
n/augmented_image_98.jpg
n/augmented_image_99.jpg
n/augmented_image_128.jpg
n/augmented_image_129.jpg
n/augmented_image_13.jpg
n/augmented_image_130.jpg
n/augmented_image_131.jpg
n/augmented_image_132.jpg
n/augmented_image_133.jpg
n/augmented_image_134.jpg
n/augmented_image_135.jpg
n/augmented_image_136.jpg
n/augmented_image_137.jpg
n/augmented_image_138.jpg
n/augmented_image_139.jpg
n/augmented_image_14.jpg
n/augmented_image_140.jpg
n/augmented_image_141.jpg
n/augmented_image_142.jpg
n/augmented_image_143.jpg
n/augmented_image_144.jpg
n/augmented_image_145.jpg
n/augmented_image_147.jpg
n/augmented_image_148.jpg
n/augmented_image_149.jpg
n/augmented_image_150.jpg
n/augmented_image_151.jpg
n/augmented_image_152.jpg
n/augmented_image_153.jpg
n/augmented_image_154.jpg
n/augmented_image_155.jpg
n/augmented_image_156.jpg
n/augmented_image_157.jpg
n/augmented_image_158.jpg
n/augmented_image_16.jpg
n/augmented_image_160.jpg
n/augmented_image_161.jpg
n/augmented_image_162.jpg
n/augmented_image_163.jpg
n/augmented_image_164.jpg
n/augmented_image_165.jpg
n/augmented_image_166.jpg
n/augmented_image_168.jpg
n/augmented_image_169.jpg
n/augmented_image_17.jpg
n/augmented_image_170.jpg
n/augmented_image_171.jpg
n/augmented_image_172.jpg
n/augmented_image_173.jpg
n/augmented_image_174.jpg
n/augmented_image_175.jpg
n/augmented_image_176.jpg
n/augmented_image_177.jpg
n/augmented_image_178.jpg
n/augmented_image_179.jpg
n/augmented_image_18.jpg
n/augmented_image_180.jpg
n/augmented_image_181.jpg
n/augmented_image_182.jpg
n/augmented_image_183.jpg
n/augmented_image_184.jpg
n/augmented_image_185.jpg
n/augmented_image_186.jpg
n/augmented_image_187.jpg
n/augmented_image_188.jpg
n/augmented_image_189.jpg
n/augmented_image_19.jpg
n/augmented_image_191.jpg
n/augmented_image_192.jpg
n/augmented_image_193.jpg
n/augmented_image_194.jpg
n/augmented_image_197.jpg
n/augmented_image_198.jpg
n/augmented_image_199.jpg
n/augmented_image_2.jpg
n/augmented_image_20.jpg
n/augmented_image_200.jpg
n/augmented_image_201.jpg
n/augmented_image_203.jpg
n/augmented_image_204.jpg
n/augmented_image_205.jpg
n/augmented_image_206.jpg
n/augmented_image_208.jpg
n/augmented_image_209.jpg
n/augmented_image_21.jpg
n/augmented_image_210.jpg
n/augmented_image_211.jpg
n/augmented_image_214.jpg
n/augmented_image_215.jpg
n/augmented_image_216.jpg
n/augmented_image_219.jpg
n/augmented_image_22.jpg
n/augmented_image_220.jpg
n/augmented_image_221.jpg
n/augmented_image_222.jpg
n/augmented_image_223.jpg
n/augmented_image_224.jpg
n/augmented_image_226.jpg
n/augmented_image_227.jpg
n/augmented_image_229.jpg
n/augmented_image_23.jpg
n/augmented_image_230.jpg
n/augmented_image_231.jpg
n/augmented_image_232.jpg
n/augmented_image_233.jpg
n/augmented_image_234.jpg
n/augmented_image_235.jpg
n/augmented_image_236.jpg
n/augmented_image_237.jpg
n/augmented_image_238.jpg
n/augmented_image_239.jpg
n/augmented_image_240.jpg
n/augmented_image_241.jpg
n/augmented_image_243.jpg
n/augmented_image_244.jpg
n/augmented_image_245.jpg
n/augmented_image_246.jpg
n/augmented_image_249.jpg
n/augmented_image_25.jpg
n/augmented_image_250.jpg
n/augmented_image_251.jpg
n/augmented_image_252.jpg
n/augmented_image_253.jpg
n/augmented_image_256.jpg
n/augmented_image_257.jpg
n/augmented_image_258.jpg
n/augmented_image_260.jpg
n/augmented_image_262.jpg
n/augmented_image_263.jpg
n/augmented_image_265.jpg
n/augmented_image_267.jpg
n/augmented_image_269.jpg
n/augmented_image_27.jpg
n/augmented_image_270.jpg
n/augmented_image_272.jpg
n/augmented_image_273.jpg
n/augmented_image_276.jpg
n/augmented_image_277.jpg
n/augmented_image_280.jpg
n/augmented_image_281.jpg
n/augmented_image_282.jpg
n/augmented_image_283.jpg
n/augmented_image_284.jpg
n/augmented_image_285.jpg
n/augmented_image_290.jpg
n/augmented_image_291.jpg
n/augmented_image_292.jpg
n/augmented_image_293.jpg
n/augmented_image_294.jpg
n/augmented_image_296.jpg
n/augmented_image_297.jpg
n/augmented_image_298.jpg
n/augmented_image_299.jpg
n/augmented_image_3.jpg
n/augmented_image_30.jpg
n/augmented_image_301.jpg
n/augmented_image_303.jpg
n/augmented_image_304.jpg
n/augmented_image_306.jpg
n/augmented_image_307.jpg
n/augmented_image_308.jpg
n/augmented_image_309.jpg
n/augmented_image_31.jpg
n/augmented_image_310.jpg
n/392.jpg
n/393.jpg
n/394.jpg
n/395.jpg
n/397.jpg
n/398.jpg
n/399.jpg
n/4.jpg
n/40.jpg
n/400.jpg
n/401.jpg
n/402.jpg
n/403.jpg
n/404.jpg
n/405.jpg
n/406.jpg
n/407.jpg
n/408.jpg
n/409.jpg
n/410.jpg
n/411.jpg
n/412.jpg
n/413.jpg
n/414.jpg
n/415.jpg
n/416.jpg
n/417.jpg
n/419.jpg
n/42.jpg
n/420.jpg
n/421.jpg
n/422.jpg
n/423.jpg
n/424.jpg
n/425.jpg
n/426.jpg
n/427.jpg
n/428.jpg
n/43.jpg
n/430.jpg
n/431.jpg
n/432.jpg
n/434.jpg
n/435.jpg
n/436.jpg
n/437.jpg
n/438.jpg
n/439.jpg
n/44.jpg
n/440.jpg
n/441.jpg
n/442.jpg
n/443.jpg
n/444.jpg
n/445.jpg
n/446.jpg
n/447.jpg
n/448.jpg
n/449.jpg
n/45.jpg
n/450.jpg
n/451.jpg
n/452.jpg
n/453.jpg
n/454.jpg
n/455.jpg
n/456.jpg
n/457.jpg
n/458.jpg
n/459.jpg
n/46.jpg
n/460.jpg
n/461.jpg
n/462.jpg
n/463.jpg
n/464.jpg
n/465.jpg
n/466.jpg
n/467.jpg
n/468.jpg
n/469.jpg
n/47.jpg
n/475.jpg
n/476.jpg
n/477.jpg
n/478.jpg
n/48.jpg
n/480.jpg
n/49.jpg
n/50.jpg
n/51.jpg
n/52.jpg
n/53.jpg
n/54.jpg
n/55.jpg
n/56.jpg
n/57.jpg
n/58.jpg
n/59.jpg
n/6.jpg
n/61.jpg
n/62.jpg
n/63.jpg
n/64.jpg
n/65.jpg
n/66.jpg
n/67.jpg
n/69.jpg
n/7.jpg
n/70.jpg
n/73.jpg
n/74.jpg
n/76.jpg
n/77.jpg
n/79.jpg
n/80.jpg
n/81.jpg
n/83.jpg
n/84.jpg
n/86.jpg
n/87.jpg
n/88.jpg
n/89.jpg
n/9.jpg
n/90.jpg
n/91.jpg
n/92.jpg
n/93.jpg
n/94.jpg
n/95.jpg
n/96.jpg
n/97.jpg
n/98.jpg
n/99.jpg
n/augmented_image_1.jpg
n/augmented_image_100.jpg
n/augmented_image_101.jpg
n/augmented_image_103.jpg
n/augmented_image_105.jpg
n/augmented_image_106.jpg
n/augmented_image_107.jpg
n/augmented_image_109.jpg
n/augmented_image_111.jpg
n/augmented_image_112.jpg
n/augmented_image_113.jpg
n/augmented_image_114.jpg
n/augmented_image_115.jpg
n/augmented_image_116.jpg
n/augmented_image_117.jpg
n/augmented_image_118.jpg
n/augmented_image_119.jpg
n/augmented_image_12.jpg
n/augmented_image_120.jpg
n/augmented_image_121.jpg
n/augmented_image_122.jpg
n/augmented_image_123.jpg
n/augmented_image_124.jpg
n/augmented_image_125.jpg
n/augmented_image_126.jpg
n/augmented_image_127.jpg
n/20.jpg
n/201.jpg
n/203.jpg
n/204.jpg
n/206.jpg
n/207.jpg
n/208.jpg
n/210.jpg
n/211.jpg
n/212.jpg
n/213.jpg
n/214.jpg
n/215.jpg
n/216.jpg
n/217.jpg
n/218.jpg
n/22.jpg
n/220.jpg
n/221.jpg
n/222.jpg
n/223.jpg
n/224.jpg
n/225.jpg
n/226.jpg
n/227.jpg
n/228.jpg
n/229.jpg
n/23.jpg
n/230.jpg
n/231.jpg
n/232.jpg
n/233.jpg
n/234.jpg
n/237.jpg
n/239.jpg
n/24.jpg
n/240.jpg
n/241.jpg
n/242.jpg
n/243.jpg
n/244.jpg
n/246.jpg
n/247.jpg
n/248.jpg
n/249.jpg
n/250.jpg
n/251.jpg
n/252.jpg
n/253.jpg
n/254.jpg
n/255.jpg
n/256.jpg
n/258.jpg
n/259.jpg
n/26.jpg
n/260.jpg
n/261.jpg
n/262.jpg
n/263.jpg
n/264.jpg
n/265.jpg
n/266.jpg
n/267.jpg
n/269.jpg
n/27.jpg
n/270.jpg
n/271.jpg
n/275.jpg
n/276.jpg
n/278.jpg
n/28.jpg
n/280.jpg
n/281.jpg
n/282.jpg
n/283.jpg
n/284.jpg
n/285.jpg
n/286.jpg
n/287.jpg
n/288.jpg
n/289.jpg
n/29.jpg
n/290.jpg
n/291.jpg
n/292.jpg
n/293.jpg
n/294.jpg
n/295.jpg
n/297.jpg
n/298.jpg
n/299.jpg
n/3.jpg
n/30.jpg
n/300.jpg
n/301.jpg
n/302.jpg
n/303.jpg
n/306.jpg
n/307.jpg
n/308.jpg
n/309.jpg
n/31.jpg
n/310.jpg
n/311.jpg
n/312.jpg
n/315.jpg
n/316.jpg
n/317.jpg
n/318.jpg
n/319.jpg
n/32.jpg
n/321.jpg
n/322.jpg
n/323.jpg
n/324.jpg
n/325.jpg
n/326.jpg
n/327.jpg
n/328.jpg
n/329.jpg
n/33.jpg
n/330.jpg
n/331.jpg
n/332.jpg
n/334.jpg
n/335.jpg
n/336.jpg
n/337.jpg
n/338.jpg
n/339.jpg
n/34.jpg
n/340.jpg
n/341.jpg
n/344.jpg
n/345.jpg
n/347.jpg
n/348.jpg
n/349.jpg
n/350.jpg
n/351.jpg
n/352.jpg
n/353.jpg
n/354.jpg
n/355.jpg
n/356.jpg
n/359.jpg
n/36.jpg
n/360.jpg
n/361.jpg
n/362.jpg
n/363.jpg
n/364.jpg
n/365.jpg
n/367.jpg
n/368.jpg
n/37.jpg
n/370.jpg
n/372.jpg
n/373.jpg
n/374.jpg
n/375.jpg
n/376.jpg
n/378.jpg
n/379.jpg
n/383.jpg
n/384.jpg
n/385.jpg
n/386.jpg
n/387.jpg
n/388.jpg
n/389.jpg
n/39.jpg
n/390.jpg
n/391.jpg
n/1_0_fanyichen_0031.jpg
n/1_0_fanyichen_0032.jpg
n/1_0_fanyichen_0033.jpg
n/1_0_fanyichen_0034.jpg
n/1_0_fengjianyu_0045.jpg
n/1_0_fengjianyu_0046.jpg
n/1_0_fengjianyu_0128.jpg
n/1_0_fengjianyu_0129.jpg
n/1_0_gulinazha_0052.jpg
n/1_0_gulinazha_0053.jpg
n/1_0_gulinazha_0057.jpg
n/1_0_gulinazha_0059.jpg
n/1_0_haiqing_0004.jpg
n/1_0_haiqing_0005.jpg
n/1_0_hanxue_0027.jpg
n/1_0_hanxue_0028.jpg
n/1_0_hanxue_0030.jpg
n/1_0_hanxue_0031.jpg
n/1_0_hanxue_0033.jpg
n/1_0_hanxue_0034.jpg
n/1_0_hanxue_0035.jpg
n/1_0_hanxue_0036.jpg
n/1_0_hanxue_0120.jpg
n/1_0_hanxue_0123.jpg
n/1_0_hanxue_0124.jpg
n/1_0_hanxue_0128.jpg
n/1_0_hanxue_0129.jpg
n/1_0_hanxue_0130.jpg
n/1_0_hanxue_0221.jpg
n/1_0_hanxue_0222.jpg
n/1_0_hanxue_0224.jpg
n/1_0_huxia_0060.jpg
n/1_0_jiayuanyuan_0044.jpg
n/1_0_jiayuanyuan_0046.jpg
n/1_0_jiayuanyuan_0047.jpg
n/1_0_jiayuanyuan_0050.jpg
n/1_0_jiayuanyuan_0051.jpg
n/1_0_jiayuanyuan_0052.jpg
n/1_0_jiayuanyuan_0114.jpg
n/1_0_jiayuanyuan_0116.jpg
n/1_0_jiayuanyuan_0150.jpg
n/1_0_jiayuanyuan_0156.jpg
n/1_0_jiayuanyuan_0161.jpg
n/1_0_jiayuanyuan_0193.jpg
n/1_0_jiayuanyuan_0195.jpg
n/1_0_jiayuanyuan_0196.jpg
n/1_0_jiayuanyuan_0197.jpg
n/1_0_jiayuanyuan_0199.jpg
n/1_0_jiayuanyuan_0200.jpg
n/1_0_jinchen_0003.jpg
n/1_0_jinchen_0004.jpg
n/1_0_jinchen_0009.jpg
n/1_0_jinchen_0011.jpg
n/1_0_jinchen_0064.jpg
n/1_0_jinchen_0065.jpg
n/1_0_jinchen_0070.jpg
n/1_0_jinchen_0072.jpg
n/1_0_lijinming_0076.jpg
n/1_0_lijinming_0078.jpg
n/1_0_lijinming_0094.jpg
n/1_0_lijinming_0095.jpg
n/1_0_likeqin_0005.jpg
n/1_0_likeqin_0015.jpg
n/1_0_liudehua_0002.jpg
n/1_0_liudehua_0009.jpg
n/1_0_liudehua_0015.jpg
n/1_0_liudehua_0022.jpg
n/1_0_liuqianhan_0048.jpg
n/1_0_liuqianhan_0049.jpg
n/1_0_liuqianhan_0050.jpg
n/1_0_liuqianhan_0085.jpg
n/1_0_liuqianhan_0087.jpg
n/1_0_liuqianhan_0091.jpg
n/1_0_liuqianhan_0093.jpg
n/1_0_liuruilin_0012.jpg
n/1_0_liuruilin_0013.jpg
n/1_0_liuruilin_0017.jpg
n/1_0_liuruilin_0018.jpg
n/1_0_liuruilin_0019.jpg
n/1_0_liuruilin_0024.jpg
n/1_0_liushishi_0004.jpg
n/1_0_liushishi_0006.jpg
n/1_0_liushishi_0089.jpg
n/1_0_liushishi_0090.jpg
n/1_0_liushishi_0091.jpg
n/1_0_liushishi_0095.jpg
n/1_0_liushishi_0096.jpg
n/1_0_liushishi_0097.jpg
n/1_0_liushishi_0156.jpg
n/1_0_liushishi_0157.jpg
n/1_0_liushishi_0158.jpg
n/1_0_liwen_0001.jpg
n/1_0_liwen_0006.jpg
n/1_0_liwen_0011.jpg
n/1_0_liwen_0016.jpg
n/1_0_lixingliang_0008.jpg
n/1_0_lixingliang_0010.jpg
n/1_0_lixingliang_0018.jpg
n/1_0_lixingliang_0150.jpg
n/1_0_lixingliang_0156.jpg
n/1_0_lixirui_0051.jpg
n/1_0_lixirui_0052.jpg
n/1_0_lixirui_0057.jpg
n/1_0_lixirui_0058.jpg
n/1_0_lixirui_0065.jpg
n/1_0_lixirui_0066.jpg
n/1_0_lixirui_0082.jpg
n/1_0_lixirui_0083.jpg
n/1_0_luojin_0001.jpg
n/1_0_luojin_0007.jpg
n/1_0_luojin_0012.jpg
n/1_0_luojin_0019.jpg
n/1_0_luojin_0027.jpg
n/1_0_luojin_0033.jpg
n/1_0_luojin_0038.jpg
n/1_0_luojin_0044.jpg
n/1_0_luojin_0051.jpg
n/1_0_luojin_0056.jpg
n/1_0_luojin_0062.jpg
n/1_0_luojin_0067.jpg
n/1_0_luojin_0072.jpg
n/1_0_luojin_0077.jpg
n/1_0_luojin_0082.jpg
n/1_0_luojin_0087.jpg
n/1_0_luojin_0093.jpg
n/1_0_luojin_0099.jpg
n/1_0_luojin_0105.jpg
n/1_0_luojin_0111.jpg
n/1_0_luojin_0118.jpg
n/1_0_luojin_0127.jpg
n/1_0_lvyi_0030.jpg
n/1_0_lvyi_0031.jpg
n/1_0_lvyi_0036.jpg
n/1_0_lvyi_0038.jpg
n/1_0_nieyuan_0052.jpg
n/1_0_nieyuan_0058.jpg
n/1_0_nieyuan_0060.jpg
n/1_0_nieyuan_0061.jpg
n/1_0_nieyuan_0062.jpg
n/1_0_nieyuan_0063.jpg
n/1_0_nieyuan_0066.jpg
n/1_0_nieyuan_0067.jpg
n/1_0_nieyuan_0069.jpg
n/1_0_nieyuan_0075.jpg
n/1_0_nieyuan_0076.jpg
n/1_0_nieyuan_0077.jpg
n/1_0_nieyuan_0080.jpg
n/1_0_nieyuan_0081.jpg
n/1_0_nieyuan_0082.jpg
n/1_0_nieyuan_0087.jpg
n/1_0_nieyuan_0088.jpg
n/1_0_nieyuan_0089.jpg
n/1_0_nieyuan_0092.jpg
n/1_0_nieyuan_0093.jpg
n/1_0_nieyuan_0094.jpg
n/1_0_nieyuan_0097.jpg
n/1_0_nieyuan_0098.jpg
n/1_0_nieyuan_0099.jpg
n/1_0_nieyuan_0103.jpg
n/1_0_nieyuan_0104.jpg
n/1_0_nieyuan_0105.jpg
n/1_0_pubajia_0008.jpg
n/1_0_pubajia_0010.jpg
n/1_0_pubajia_0011.jpg
n/1_0_pubajia_0016.jpg
n/1_0_pubajia_0017.jpg
n/1_0_pubajia_0018.jpg
n/1_0_pubajia_0021.jpg
n/1_0_pubajia_0022.jpg
n/1_0_pubajia_0023.jpg
n/1_0_qiqi_0004.jpg
n/1_0_qiqi_0005.jpg
n/1_0_qiqi_0021.jpg
n/1_0_qiqi_0022.jpg
n/1_0_qiqi_0023.jpg
n/1_0_qiqi_0026.jpg
n/1_0_qiqi_0029.jpg
n/1_0_qiqi_0030.jpg
n/1_0_qiqi_0076.jpg
n/1_0_qiqi_0077.jpg
n/1_0_qiqi_0078.jpg
n/1_0_qiqi_0079.jpg
n/1_0_qiqi_0081.jpg
n/1_0_qiqi_0082.jpg
n/1_0_qiqi_0083.jpg
n/1_0_qiqi_0084.jpg
n/1_0_qiwei_0047.jpg
n/1_0_qiwei_0048.jpg
n/1_0_qiwei_0049.jpg
n/1_0_qiwei_0052.jpg
n/1_0_qiwei_0053.jpg
n/1_0_qiwei_0054.jpg
n/1_0_shaofeng_0003.jpg
n/1_0_shaofeng_0005.jpg
n/1_0_sunhonglei_0018.jpg
n/1_0_sunhonglei_0019.jpg
n/1_0_sunhonglei_0023.jpg
n/1_0_sunhonglei_0024.jpg
n/1_0_sunli_0010.jpg
n/1_0_sunli_0015.jpg
n/1_0_sunyue_0008.jpg
n/1_0_sunyue_0009.jpg
n/1_0_sunyue_0010.jpg
n/1_0_sunyue_0011.jpg
n/1_0_tianliang_0006.jpg
n/1_0_tianliang_0007.jpg
n/1_0_tianliang_0008.jpg
n/1_0_tianliang_0011.jpg
n/1_0_tianliang_0013.jpg
n/1_0_tianliang_0014.jpg
n/1_0_wanghan_0022.jpg
n/1_0_wanghan_0030.jpg
n/1_0_wanghan_0032.jpg
n/1_0_wanghan_0035.jpg
n/1_0_wanghan_0037.jpg
n/1_0_wanghan_0169.jpg
n/1_0_wanghan_0171.jpg
n/1_0_xinzi_0001.jpg
n/1_0_xinzi_0060.jpg
n/1_0_xinzi_0061.jpg
n/1_0_xinzi_0069.jpg
n/1_0_xinzi_0070.jpg
n/1_0_yangmi_0078.jpg
n/1_0_yangmi_0079.jpg
n/1_0_yangmi_0081.jpg
n/1_0_yangmi_0137.jpg
n/1_0_yangmi_0140.jpg
n/1_0_yangmi_0144.jpg
n/1_0_yangmi_0145.jpg
n/1_0_zhangzhenyue_0031.jpg
n/1_0_zhangzhenyue_0033.jpg
n/1_0_zhangzhenyue_0034.jpg
n/1_0_zhourunfa_0127.jpg
n/1_0_zhourunfa_0128.jpg
n/1_0_zhourunfa_0129.jpg
n/1_0_zhouxiuna_0009.jpg
n/1_0_zhouxiuna_0010.jpg
n/1_0_zhouxiuna_0015.jpg
n/1_0_zhouxiuna_0016.jpg
n/1_0_zhouxiuna_0018.jpg
n/1_0_zhouxiuna_0019.jpg
n/1_0_zhouxiuna_0024.jpg
n/1_0_zhouxiuna_0025.jpg
n/2.jpg
n/1_0_anhu_0039.jpg
n/1_0_anhu_0040.jpg
n/1_0_anhu_0041.jpg
n/1_0_anhu_0042.jpg
n/1_0_anhu_0043.jpg
n/1_0_anhu_0044.jpg
n/1_0_anhu_0045.jpg
n/1_0_anhu_0046.jpg
n/1_0_anhu_0047.jpg
n/1_0_anhu_0048.jpg
n/1_0_anhu_0049.jpg
n/1_0_anhu_0050.jpg
n/1_0_anhu_0051.jpg
n/1_0_anhu_0052.jpg
n/1_0_anhu_0053.jpg
n/1_0_anhu_0054.jpg
n/1_0_anhu_0055.jpg
n/1_0_anhu_0058.jpg
n/1_0_anhu_0059.jpg
n/1_0_anhu_0060.jpg
n/1_0_anhu_0061.jpg
n/1_0_anhu_0064.jpg
n/1_0_anhu_0065.jpg
n/1_0_anhu_0066.jpg
n/1_0_anhu_0067.jpg
n/1_0_anhu_0068.jpg
n/1_0_anhu_0069.jpg
n/1_0_anhu_0070.jpg
n/1_0_anhu_0071.jpg
n/1_0_anhu_0072.jpg
n/1_0_anhu_0073.jpg
n/1_0_anhu_0074.jpg
n/1_0_anhu_0075.jpg
n/1_0_anhu_0076.jpg
n/1_0_anhu_0077.jpg
n/1_0_anhu_0078.jpg
n/1_0_anhu_0079.jpg
n/1_0_anhu_0080.jpg
n/1_0_anhu_0081.jpg
n/1_0_anhu_0082.jpg
n/1_0_anhu_0083.jpg
n/1_0_anhu_0084.jpg
n/1_0_anhu_0085.jpg
n/1_0_anhu_0086.jpg
n/1_0_anhu_0087.jpg
n/1_0_anhu_0088.jpg
n/1_0_anhu_0089.jpg
n/1_0_anhu_0090.jpg
n/1_0_anhu_0091.jpg
n/1_0_anhu_0092.jpg
n/1_0_anhu_0093.jpg
n/1_0_anhu_0094.jpg
n/1_0_anhu_0095.jpg
n/1_0_anhu_0096.jpg
n/1_0_anhu_0097.jpg
n/1_0_anhu_0099.jpg
n/1_0_anhu_0100.jpg
n/1_0_anhu_0101.jpg
n/1_0_anhu_0102.jpg
n/1_0_anhu_0104.jpg
n/1_0_anhu_0105.jpg
n/1_0_anhu_0106.jpg
n/1_0_anhu_0107.jpg
n/1_0_anhu_0108.jpg
n/1_0_anhu_0109.jpg
n/1_0_anhu_0110.jpg
n/1_0_anhu_0111.jpg
n/1_0_anhu_0112.jpg
n/1_0_anhu_0113.jpg
n/1_0_anhu_0114.jpg
n/1_0_anhu_0115.jpg
n/1_0_anhu_0116.jpg
n/1_0_anhu_0117.jpg
n/1_0_anhu_0118.jpg
n/1_0_anhu_0119.jpg
n/1_0_anhu_0120.jpg
n/1_0_anhu_0121.jpg
n/1_0_anhu_0122.jpg
n/1_0_anhu_0123.jpg
n/1_0_anhu_0124.jpg
n/1_0_anhu_0125.jpg
n/1_0_anhu_0126.jpg
n/1_0_anhu_0127.jpg
n/1_0_anhu_0128.jpg
n/1_0_anhu_0129.jpg
n/1_0_anhu_0130.jpg
n/1_0_anhu_0131.jpg
n/1_0_anhu_0132.jpg
n/1_0_anhu_0133.jpg
n/1_0_anhu_0134.jpg
n/1_0_anhu_0135.jpg
n/1_0_anhu_0136.jpg
n/1_0_anhu_0137.jpg
n/1_0_anhu_0138.jpg
n/1_0_anhu_0139.jpg
n/1_0_anhu_0140.jpg
n/1_0_anhu_0141.jpg
n/1_0_anhu_0142.jpg
n/1_0_anhu_0143.jpg
n/1_0_anhu_0144.jpg
n/1_0_anhu_0145.jpg
n/1_0_anhu_0146.jpg
n/1_0_anhu_0147.jpg
n/1_0_anhu_0148.jpg
n/1_0_anhu_0149.jpg
n/1_0_anhu_0150.jpg
n/1_0_anhu_0151.jpg
n/1_0_anhu_0152.jpg
n/1_0_anhu_0153.jpg
n/1_0_anhu_0154.jpg
n/1_0_anhu_0156.jpg
n/1_0_anhu_0159.jpg
n/1_0_anhu_0160.jpg
n/1_0_anhu_0161.jpg
n/1_0_anhu_0162.jpg
n/1_0_anhu_0164.jpg
n/1_0_anhu_0165.jpg
n/1_0_anhu_0166.jpg
n/1_0_anhu_0167.jpg
n/1_0_anhu_0168.jpg
n/1_0_anhu_0169.jpg
n/1_0_anhu_0170.jpg
n/1_0_anhu_0171.jpg
n/1_0_anhu_0172.jpg
n/1_0_anhu_0173.jpg
n/1_0_anhu_0174.jpg
n/1_0_anhu_0175.jpg
n/1_0_anhu_0176.jpg
n/1_0_anhu_0177.jpg
n/1_0_anhu_0178.jpg
n/1_0_anhu_0179.jpg
n/1_0_anhu_0180.jpg
n/1_0_anhu_0182.jpg
n/1_0_anhu_0183.jpg
n/1_0_anhu_0184.jpg
n/1_0_anhu_0185.jpg
n/1_0_anhu_0186.jpg
n/1_0_anhu_0187.jpg
n/1_0_anhu_0188.jpg
n/1_0_anhu_0190.jpg
n/1_0_anhu_0191.jpg
n/1_0_anhu_0192.jpg
n/1_0_anhu_0193.jpg
n/1_0_anhu_0194.jpg
n/1_0_anhu_0195.jpg
n/1_0_anhu_0196.jpg
n/1_0_anhu_0197.jpg
n/1_0_anhu_0198.jpg
n/1_0_anhu_0199.jpg
n/1_0_anhu_0200.jpg
n/1_0_anhu_0202.jpg
n/1_0_anhu_0203.jpg
n/1_0_anhu_0204.jpg
n/1_0_anhu_0206.jpg
n/1_0_anhu_0207.jpg
n/1_0_anhu_0208.jpg
n/1_0_anhu_0212.jpg
n/1_0_anhu_0213.jpg
n/1_0_anhu_0215.jpg
n/1_0_anhu_0217.jpg
n/1_0_anhu_0218.jpg
n/1_0_anhu_0219.jpg
n/1_0_anhu_0220.jpg
n/1_0_anhu_0222.jpg
n/1_0_anhu_0223.jpg
n/1_0_anhu_0226.jpg
n/1_0_anhu_0227.jpg
n/1_0_anhu_0228.jpg
n/1_0_anhu_0229.jpg
n/1_0_anhu_0230.jpg
n/1_0_anhu_0231.jpg
n/1_0_anhu_0232.jpg
n/1_0_anhu_0233.jpg
n/1_0_anhu_0234.jpg
n/1_0_anhu_0236.jpg
n/1_0_anhu_0237.jpg
n/1_0_anhu_0238.jpg
n/1_0_anhu_0239.jpg
n/1_0_anhu_0240.jpg
n/1_0_baibaihe_0003.jpg
n/1_0_baibaihe_0004.jpg
n/1_0_baibaihe_0005.jpg
n/1_0_baibaihe_0028.jpg
n/1_0_baibaihe_0029.jpg
n/1_0_baibaihe_0030.jpg
n/1_0_baibaihe_0033.jpg
n/1_0_baibaihe_0034.jpg
n/1_0_baibaihe_0035.jpg
n/1_0_baibaihe_0055.jpg
n/1_0_baibaihe_0056.jpg
n/1_0_baibaihe_0057.jpg
n/1_0_baibaihe_0060.jpg
n/1_0_baibaihe_0063.jpg
n/1_0_benxi_0102.jpg
n/1_0_benxi_0103.jpg
n/1_0_benxi_0107.jpg
n/1_0_benxi_0108.jpg
n/1_0_benxi_0186.jpg
n/1_0_benxi_0193.jpg
n/1_0_caiguoqing_0003.jpg
n/1_0_caiguoqing_0009.jpg
n/1_0_caiyilin_0038.jpg
n/1_0_caiyilin_0039.jpg
n/1_0_caiyilin_0043.jpg
n/1_0_caiyilin_0045.jpg
n/1_0_caiyilin_0087.jpg
n/1_0_caiyilin_0088.jpg
n/1_0_caiyilin_0089.jpg
n/1_0_caiyilin_0098.jpg
n/1_0_caiyilin_0106.jpg
n/1_0_caiyilin_0111.jpg
n/1_0_caiyilin_0140.jpg
n/1_0_caiyilin_0141.jpg
n/1_0_caiyilin_0148.jpg
n/1_0_caiyilin_0149.jpg
n/1_0_caiyilin_0167.jpg
n/1_0_caiyilin_0168.jpg
n/1_0_caiyilin_0169.jpg
n/1_0_changshilei_0002.jpg
n/1_0_chenglong_0040.jpg
n/1_0_chenglong_0043.jpg
n/1_0_chenxiang_0027.jpg
n/1_0_chenxiang_0032.jpg
n/1_0_chenxiang_0037.jpg
n/1_0_chenyao_0011.jpg
n/1_0_chenyao_0012.jpg
n/1_0_chenyao_0014.jpg
n/1_0_chenyao_0015.jpg
n/1_0_chenyao_0018.jpg
n/1_0_chenyao_0019.jpg
n/1_0_chenyao_0020.jpg
n/1_0_chenyao_0021.jpg
n/1_0_chenyao_0101.jpg
n/1_0_chenyao_0102.jpg
n/1_0_chenyao_0103.jpg
n/1_0_chenyao_0107.jpg
n/1_0_chenyao_0108.jpg
n/1_0_fanshiqi_0078.jpg
n/1_0_fanshiqi_0086.jpg
n/1_0_fanshiqi_0097.jpg
n/1_0_fanshiqi_0106.jpg
n/1_0_fanshiqi_0114.jpg
n/1_0_fanwei_0005.jpg
n/1_0_fanwei_0006.jpg
n/1_0_fanwei_0007.jpg
n/1_0_fanwei_0008.jpg
n/1_0_fanwei_0009.jpg
n/1_0_fanyichen_0025.jpg
n/1_0_fanyichen_0026.jpg
n/1_0_fanyichen_0027.jpg
n/1_0_fanyichen_0028.jpg
n/157.jpg
n/158.jpg
n/159.jpg
n/16.jpg
n/160.jpg
n/161.jpg
n/162.jpg
n/163.jpg
n/164.jpg
n/166.jpg
n/168.jpg
n/169.jpg
n/17.jpg
n/170.jpg
n/171.jpg
n/172.jpg
n/173.jpg
n/174.jpg
n/175.jpg
n/176.jpg
n/177.jpg
n/178.jpg
n/179.jpg
n/18.jpg
n/180.jpg
n/181.jpg
n/183.jpg
n/184.jpg
n/185.jpg
n/186.jpg
n/187.jpg
n/188.jpg
n/19.jpg
n/191.jpg
n/192.jpg
n/193.jpg
n/194.jpg
n/195.jpg
n/196.jpg
n/197.jpg
n/198.jpg
n/1_0_aidai_0001.jpg
n/1_0_aidai_0002.jpg
n/1_0_aidai_0003.jpg
n/1_0_aidai_0004.jpg
n/1_0_aidai_0005.jpg
n/1_0_aidai_0006.jpg
n/1_0_aidai_0007.jpg
n/1_0_aidai_0008.jpg
n/1_0_aidai_0009.jpg
n/1_0_aidai_0010.jpg
n/1_0_aidai_0011.jpg
n/1_0_aidai_0012.jpg
n/1_0_aidai_0013.jpg
n/1_0_aidai_0015.jpg
n/1_0_aidai_0016.jpg
n/1_0_aidai_0017.jpg
n/1_0_aidai_0018.jpg
n/1_0_aidai_0019.jpg
n/1_0_aidai_0021.jpg
n/1_0_aidai_0022.jpg
n/1_0_aidai_0023.jpg
n/1_0_aidai_0024.jpg
n/1_0_aidai_0025.jpg
n/1_0_aidai_0026.jpg
n/1_0_aidai_0027.jpg
n/1_0_aidai_0028.jpg
n/1_0_aidai_0030.jpg
n/1_0_aidai_0031.jpg
n/1_0_aidai_0037.jpg
n/1_0_aidai_0038.jpg
n/1_0_aidai_0039.jpg
n/1_0_aidai_0040.jpg
n/1_0_aidai_0041.jpg
n/1_0_aidai_0042.jpg
n/1_0_aidai_0044.jpg
n/1_0_aidai_0049.jpg
n/1_0_aidai_0050.jpg
n/1_0_aidai_0051.jpg
n/1_0_aidai_0052.jpg
n/1_0_aidai_0053.jpg
n/1_0_aidai_0054.jpg
n/1_0_aidai_0055.jpg
n/1_0_aidai_0056.jpg
n/1_0_aidai_0057.jpg
n/1_0_aidai_0058.jpg
n/1_0_aidai_0059.jpg
n/1_0_aidai_0060.jpg
n/1_0_aidai_0061.jpg
n/1_0_aidai_0062.jpg
n/1_0_aidai_0063.jpg
n/1_0_aidai_0064.jpg
n/1_0_aidai_0065.jpg
n/1_0_aidai_0066.jpg
n/1_0_aidai_0067.jpg
n/1_0_aidai_0068.jpg
n/1_0_aidai_0069.jpg
n/1_0_aidai_0070.jpg
n/1_0_aidai_0071.jpg
n/1_0_aidai_0072.jpg
n/1_0_aidai_0073.jpg
n/1_0_aidai_0075.jpg
n/1_0_aidai_0079.jpg
n/1_0_aidai_0081.jpg
n/1_0_aidai_0082.jpg
n/1_0_aidai_0083.jpg
n/1_0_aidai_0086.jpg
n/1_0_aidai_0087.jpg
n/1_0_aidai_0088.jpg
n/1_0_aidai_0089.jpg
n/1_0_aidai_0093.jpg
n/1_0_aidai_0094.jpg
n/1_0_aidai_0095.jpg
n/1_0_aidai_0096.jpg
n/1_0_aidai_0097.jpg
n/1_0_aidai_0098.jpg
n/1_0_aidai_0099.jpg
n/1_0_aidai_0100.jpg
n/1_0_aidai_0104.jpg
n/1_0_aidai_0105.jpg
n/1_0_aidai_0106.jpg
n/1_0_aidai_0107.jpg
n/1_0_aidai_0108.jpg
n/1_0_aidai_0109.jpg
n/1_0_aidai_0110.jpg
n/1_0_aidai_0111.jpg
n/1_0_aidai_0112.jpg
n/1_0_aidai_0113.jpg
n/1_0_aidai_0114.jpg
n/1_0_aidai_0115.jpg
n/1_0_aidai_0116.jpg
n/1_0_aidai_0117.jpg
n/1_0_aidai_0118.jpg
n/1_0_aidai_0119.jpg
n/1_0_aidai_0120.jpg
n/1_0_aidai_0121.jpg
n/1_0_aidai_0122.jpg
n/1_0_aidai_0123.jpg
n/1_0_aidai_0124.jpg
n/1_0_aidai_0125.jpg
n/1_0_aidai_0126.jpg
n/1_0_aidai_0127.jpg
n/1_0_aidai_0128.jpg
n/1_0_aidai_0129.jpg
n/1_0_aidai_0130.jpg
n/1_0_aidai_0131.jpg
n/1_0_aidai_0132.jpg
n/1_0_aidai_0133.jpg
n/1_0_aidai_0134.jpg
n/1_0_aidai_0135.jpg
n/1_0_aidai_0137.jpg
n/1_0_aidai_0138.jpg
n/1_0_aidai_0139.jpg
n/1_0_aidai_0140.jpg
n/1_0_aidai_0149.jpg
n/1_0_aidai_0150.jpg
n/1_0_aidai_0151.jpg
n/1_0_aidai_0152.jpg
n/1_0_aidai_0161.jpg
n/1_0_aidai_0162.jpg
n/1_0_aidai_0163.jpg
n/1_0_aidai_0173.jpg
n/1_0_aidai_0174.jpg
n/1_0_aidai_0175.jpg
n/1_0_aidai_0176.jpg
n/1_0_aidai_0177.jpg
n/1_0_aidai_0178.jpg
n/1_0_aidai_0179.jpg
n/1_0_aidai_0180.jpg
n/1_0_aidai_0181.jpg
n/1_0_aidai_0182.jpg
n/1_0_aidai_0183.jpg
n/1_0_anhu_0001.jpg
n/1_0_anhu_0002.jpg
n/1_0_anhu_0003.jpg
n/1_0_anhu_0005.jpg
n/1_0_anhu_0006.jpg
n/1_0_anhu_0007.jpg
n/1_0_anhu_0008.jpg
n/1_0_anhu_0009.jpg
n/1_0_anhu_0010.jpg
n/1_0_anhu_0011.jpg
n/1_0_anhu_0012.jpg
n/1_0_anhu_0013.jpg
n/1_0_anhu_0014.jpg
n/1_0_anhu_0015.jpg
n/1_0_anhu_0016.jpg
n/1_0_anhu_0017.jpg
n/1_0_anhu_0018.jpg
n/1_0_anhu_0019.jpg
n/1_0_anhu_0021.jpg
n/1_0_anhu_0022.jpg
n/1_0_anhu_0023.jpg
n/1_0_anhu_0024.jpg
n/1_0_anhu_0026.jpg
n/1_0_anhu_0028.jpg
n/1_0_anhu_0029.jpg
n/1_0_anhu_0030.jpg
n/1_0_anhu_0031.jpg
n/1_0_anhu_0032.jpg
n/1_0_anhu_0033.jpg
n/1_0_anhu_0034.jpg
n/1_0_anhu_0035.jpg
n/1_0_anhu_0036.jpg
n/1_0_anhu_0037.jpg
n/1_0_anhu_0038.jpg
n/0_0_shenmengchen_0099.jpg
n/0_0_songzuer_0007.jpg
n/0_0_songzuer_0008.jpg
n/0_0_songzuer_0031.jpg
n/0_0_songzuer_0032.jpg
n/0_0_songzuer_0064.jpg
n/0_0_songzuer_0068.jpg
n/0_0_songzuer_0079.jpg
n/0_0_songzuer_0084.jpg
n/0_0_songzuer_0086.jpg
n/0_0_songzuer_0139.jpg
n/0_0_songzuer_0154.jpg
n/0_0_sunhonglei_0064.jpg
n/0_0_sunhonglei_0075.jpg
n/0_0_sunhonglei_0079.jpg
n/0_0_sunhonglei_0114.jpg
n/0_0_sunhonglei_0125.jpg
n/0_0_sunhonglei_0127.jpg
n/0_0_sunli_0104.jpg
n/0_0_sunli_0107.jpg
n/0_0_sunli_0120.jpg
n/0_0_sunli_0211.jpg
n/0_0_sunli_0232.jpg
n/0_0_sunyizhou_0048.jpg
n/0_0_sunyizhou_0059.jpg
n/0_0_sunyizhou_0069.jpg
n/0_0_sunyizhou_0112.jpg
n/0_0_sunyizhou_0124.jpg
n/0_0_sunyizhou_0125.jpg
n/0_0_tanjing_0031.jpg
n/0_0_tanjing_0043.jpg
n/0_0_tanjing_0044.jpg
n/0_0_tanjing_0087.jpg
n/0_0_tanjing_0088.jpg
n/0_0_tanjing_0091.jpg
n/0_0_tianliang_0012.jpg
n/0_0_tianliang_0017.jpg
n/0_0_tianliang_0019.jpg
n/0_0_tianliang_0033.jpg
n/0_0_tianliang_0040.jpg
n/0_0_tianliang_0042.jpg
n/0_0_wangdongcheng_0068.jpg
n/0_0_wangdongcheng_0070.jpg
n/0_0_wangdongcheng_0089.jpg
n/0_0_wangdongcheng_0101.jpg
n/0_0_wangdongcheng_0105.jpg
n/0_0_wangdongcheng_0110.jpg
n/0_0_wanghan_0026.jpg
n/0_0_wanghan_0027.jpg
n/0_0_wanghan_0028.jpg
n/0_0_wanghan_0031.jpg
n/0_0_wangjunkai_0001.jpg
n/0_0_wangjunkai_0009.jpg
n/0_0_wangjunkai_0025.jpg
n/0_0_wangruoyi_0001.jpg
n/0_0_wangruoyi_0010.jpg
n/0_0_wangruoyi_0017.jpg
n/0_0_wangruoyi_0018.jpg
n/0_0_wangruoyi_0107.jpg
n/0_0_wangruoyi_0109.jpg
n/0_0_wangruoyi_0114.jpg
n/0_0_wukequn_0009.jpg
n/0_0_wukequn_0013.jpg
n/0_0_wukequn_0019.jpg
n/0_0_wukequn_0027.jpg
n/0_0_wukequn_0060.jpg
n/0_0_wukequn_0066.jpg
n/0_0_xiaozhan_0001.jpg
n/0_0_xiaozhan_0002.jpg
n/0_0_xiaozhan_0003.jpg
n/0_0_xiaozhan_0035.jpg
n/0_0_xiaozhan_0045.jpg
n/0_0_xiaozhan_0046.jpg
n/0_0_xinzi_0240.jpg
n/0_0_xinzi_0244.jpg
n/0_0_xinzi_0265.jpg
n/0_0_xuhao_0002.jpg
n/0_0_xuhao_0003.jpg
n/0_0_xuhao_0015.jpg
n/0_0_xuhao_0017.jpg
n/0_0_yangmi_0008.jpg
n/0_0_yangmi_0016.jpg
n/0_0_yangmi_0018.jpg
n/0_0_yangmi_0033.jpg
n/0_0_yangmi_0034.jpg
n/0_0_yangmi_0038.jpg
n/0_0_yangmi_0203.jpg
n/0_0_yangmi_0215.jpg
n/0_0_yangmi_0232.jpg
n/0_0_yangmi_0233.jpg
n/0_0_yaochen_0001.jpg
n/0_0_yaochen_0006.jpg
n/0_0_yaochen_0037.jpg
n/0_0_yaochen_0079.jpg
n/0_0_yingzi_0010.jpg
n/0_0_yingzi_0015.jpg
n/0_0_yingzi_0030.jpg
n/0_0_yingzi_0041.jpg
n/0_0_yingzi_0044.jpg
n/0_0_yingzi_0047.jpg
n/0_0_yuanshanshan_0001.jpg
n/0_0_yuanshanshan_0005.jpg
n/0_0_yuanshanshan_0006.jpg
n/0_0_yuanshanshan_0022.jpg
n/0_0_yuanshanshan_0023.jpg
n/0_0_yuanshanshan_0028.jpg
n/0_0_zhangbo_0031.jpg
n/0_0_zhangbo_0038.jpg
n/0_0_zhangbo_0043.jpg
n/0_0_zhangbo_0064.jpg
n/0_0_zhangbo_0067.jpg
n/0_0_zhangbo_0072.jpg
n/0_0_zhangluyi_0051.jpg
n/0_0_zhangluyi_0069.jpg
n/0_0_zhangluyi_0082.jpg
n/0_0_zhangluyi_0087.jpg
n/0_0_zhangrui_0004.jpg
n/0_0_zhangrui_0021.jpg
n/0_0_zhangrui_0035.jpg
n/0_0_zhangrui_0107.jpg
n/0_0_zhangrui_0110.jpg
n/0_0_zhangrui_0126.jpg
n/0_0_zhangrui_0131.jpg
n/0_0_zhangshaohan_0008.jpg
n/0_0_zhangshaohan_0011.jpg
n/0_0_zhangshaohan_0029.jpg
n/0_0_zhangshaohan_0061.jpg
n/0_0_zhangshaohan_0068.jpg
n/0_0_zhangzhenyue_0009.jpg
n/0_0_zhangzhenyue_0019.jpg
n/0_0_zhangzhenyue_0032.jpg
n/0_0_zhangzhenyue_0042.jpg
n/0_0_zhangzhenyue_0056.jpg
n/0_0_zhangzhenyue_0065.jpg
n/0_0_zhangziyi_0027.jpg
n/0_0_zhangziyi_0032.jpg
n/0_0_zhangziyi_0037.jpg
n/0_0_zhangziyi_0101.jpg
n/0_0_zhangziyi_0117.jpg
n/0_0_zhangziyi_0129.jpg
n/0_0_zhangziyi_0148.jpg
n/0_0_zhangziyi_0159.jpg
n/0_0_zhangziyi_0200.jpg
n/0_0_zhangziyi_0202.jpg
n/0_0_zhaoyazhi_0040.jpg
n/0_0_zhaoyazhi_0041.jpg
n/0_0_zhaoyazhi_0061.jpg
n/0_0_zhaoyazhi_0063.jpg
n/0_0_zhoujie_0039.jpg
n/0_0_zhoujie_0051.jpg
n/0_0_zhoujie_0070.jpg
n/0_0_zhoujie_0075.jpg
n/0_0_zhourunfa_0001.jpg
n/0_0_zhourunfa_0002.jpg
n/0_0_zhourunfa_0031.jpg
n/0_0_zhourunfa_0038.jpg
n/0_0_zhouxiuna_0014.jpg
n/0_0_zhouxiuna_0023.jpg
n/0_0_zhouxiuna_0056.jpg
n/0_0_zhouxiuna_0057.jpg
n/0_0_zhouyumin_0002.jpg
n/0_0_zhouyumin_0004.jpg
n/0_0_zhouyumin_0007.jpg
n/0_0_zhouyumin_0017.jpg
n/0_0_zhouyumin_0032.jpg
n/0_0_zhouyumin_0038.jpg
n/1.jpg
n/10.jpg
n/100.jpg
n/101.jpg
n/102.jpg
n/104.jpg
n/105.jpg
n/106.jpg
n/107.jpg
n/108.jpg
n/109.jpg
n/11.jpg
n/110.jpg
n/111.jpg
n/112.jpg
n/114.jpg
n/115.jpg
n/116.jpg
n/117.jpg
n/118.jpg
n/119.jpg
n/12.jpg
n/120.jpg
n/122.jpg
n/123.jpg
n/124.jpg
n/125.jpg
n/127.jpg
n/128.jpg
n/129.jpg
n/13.jpg
n/130.jpg
n/131.jpg
n/132.jpg
n/133.jpg
n/134.jpg
n/135.jpg
n/136.jpg
n/137.jpg
n/138.jpg
n/139.jpg
n/14.jpg
n/140.jpg
n/141.jpg
n/142.jpg
n/143.jpg
n/145.jpg
n/146.jpg
n/148.jpg
n/149.jpg
n/15.jpg
n/151.jpg
n/152.jpg
n/153.jpg
n/154.jpg
n/155.jpg
n/156.jpg
n/0_0_lijinming_0072.jpg
n/0_0_likeqin_0045.jpg
n/0_0_likeqin_0062.jpg
n/0_0_likeqin_0106.jpg
n/0_0_likeqin_0146.jpg
n/0_0_linyilian_0020.jpg
n/0_0_linyilian_0092.jpg
n/0_0_linyilian_0157.jpg
n/0_0_linyilun_0040.jpg
n/0_0_linyilun_0041.jpg
n/0_0_linyilun_0046.jpg
n/0_0_linyilun_0062.jpg
n/0_0_linyilun_0073.jpg
n/0_0_liudehua_0004.jpg
n/0_0_liudehua_0031.jpg
n/0_0_liudehua_0042.jpg
n/0_0_liudehua_0074.jpg
n/0_0_liudehua_0124.jpg
n/0_0_liudehua_0161.jpg
n/0_0_liuqianhan_0028.jpg
n/0_0_liuqianhan_0042.jpg
n/0_0_liuqianhan_0051.jpg
n/0_0_liuqianhan_0057.jpg
n/0_0_liuqianhan_0060.jpg
n/0_0_liuqianhan_0064.jpg
n/0_0_liuqianhan_0067.jpg
n/0_0_liuqianhan_0071.jpg
n/0_0_liuqianhan_0143.jpg
n/0_0_liuqianhan_0150.jpg
n/0_0_liuqianhan_0208.jpg
n/0_0_liuqianhan_0215.jpg
n/0_0_liuruilin_0002.jpg
n/0_0_liuruilin_0042.jpg
n/0_0_liuruilin_0066.jpg
n/0_0_liuruilin_0084.jpg
n/0_0_liuruilin_0101.jpg
n/0_0_liushishi_0039.jpg
n/0_0_liushishi_0041.jpg
n/0_0_liushishi_0050.jpg
n/0_0_liushishi_0063.jpg
n/0_0_liushishi_0072.jpg
n/0_0_liushishi_0085.jpg
n/0_0_liushishi_0309.jpg
n/0_0_liushishi_0314.jpg
n/0_0_lixingliang_0011.jpg
n/0_0_lixingliang_0013.jpg
n/0_0_lixingliang_0033.jpg
n/0_0_lixingliang_0037.jpg
n/0_0_lixirui_0061.jpg
n/0_0_lixirui_0062.jpg
n/0_0_lixirui_0063.jpg
n/0_0_lixirui_0071.jpg
n/0_0_lixirui_0090.jpg
n/0_0_lixirui_0152.jpg
n/0_0_lixirui_0186.jpg
n/0_0_lixirui_0194.jpg
n/0_0_liyapeng_0020.jpg
n/0_0_liyapeng_0028.jpg
n/0_0_liyapeng_0029.jpg
n/0_0_liyapeng_0126.jpg
n/0_0_liyapeng_0144.jpg
n/0_0_liyapeng_0154.jpg
n/0_0_liyifeng_0051.jpg
n/0_0_liyifeng_0053.jpg
n/0_0_liyifeng_0060.jpg
n/0_0_liyifeng_0068.jpg
n/0_0_lizi_0006.jpg
n/0_0_lizi_0054.jpg
n/0_0_lizi_0071.jpg
n/0_0_lizi_0072.jpg
n/0_0_lizi_0085.jpg
n/0_0_lizi_0103.jpg
n/0_0_lizi_0104.jpg
n/0_0_luojin_0014.jpg
n/0_0_luojin_0028.jpg
n/0_0_luojin_0110.jpg
n/0_0_luojin_0126.jpg
n/0_0_luojin_0173.jpg
n/0_0_luojin_0191.jpg
n/0_0_luozhixiang_0022.jpg
n/0_0_luozhixiang_0032.jpg
n/0_0_luozhixiang_0049.jpg
n/0_0_luozhixiang_0051.jpg
n/0_0_lvyi_0040.jpg
n/0_0_lvyi_0048.jpg
n/0_0_lvyi_0063.jpg
n/0_0_lvyi_0076.jpg
n/0_0_lvyi_0082.jpg
n/0_0_lvyi_0085.jpg
n/0_0_maguoming_0041.jpg
n/0_0_maguoming_0046.jpg
n/0_0_maguoming_0072.jpg
n/0_0_maguoming_0074.jpg
n/0_0_maolinlin_0003.jpg
n/0_0_maolinlin_0005.jpg
n/0_0_maolinlin_0034.jpg
n/0_0_maolinlin_0040.jpg
n/0_0_maolinlin_0070.jpg
n/0_0_maolinlin_0073.jpg
n/0_0_maolinlin_0076.jpg
n/0_0_maolinlin_0082.jpg
n/0_0_maolinlin_0083.jpg
n/0_0_maolinlin_0085.jpg
n/0_0_maolinlin_0092.jpg
n/0_0_maolinlin_0093.jpg
n/0_0_maolinlin_0094.jpg
n/0_0_maoxiaotong_0051.jpg
n/0_0_maoxiaotong_0052.jpg
n/0_0_maoxiaotong_0055.jpg
n/0_0_maoxiaotong_0058.jpg
n/0_0_maoxiaotong_0060.jpg
n/0_0_maoxiaotong_0061.jpg
n/0_0_maoxiaotong_0063.jpg
n/0_0_maoxiaotong_0064.jpg
n/0_0_maoxiaotong_0164.jpg
n/0_0_maoxiaotong_0167.jpg
n/0_0_maoxiaotong_0177.jpg
n/0_0_maoxiaotong_0178.jpg
n/0_0_masu_0005.jpg
n/0_0_masu_0032.jpg
n/0_0_masu_0067.jpg
n/0_0_masu_0075.jpg
n/0_0_masu_0081.jpg
n/0_0_masu_0084.jpg
n/0_0_masu_0090.jpg
n/0_0_masu_0115.jpg
n/0_0_masu_0122.jpg
n/0_0_nieyuan_0102.jpg
n/0_0_nieyuan_0106.jpg
n/0_0_nieyuan_0170.jpg
n/0_0_nieyuan_0186.jpg
n/0_0_ouhao_0017.jpg
n/0_0_ouhao_0019.jpg
n/0_0_ouhao_0039.jpg
n/0_0_ouhao_0049.jpg
n/0_0_pengyuyan_0063.jpg
n/0_0_pengyuyan_0064.jpg
n/0_0_pengyuyan_0076.jpg
n/0_0_pengyuyan_0083.jpg
n/0_0_pubajia_0002.jpg
n/0_0_pubajia_0012.jpg
n/0_0_pubajia_0042.jpg
n/0_0_pubajia_0049.jpg
n/0_0_pubajia_0083.jpg
n/0_0_pubajia_0112.jpg
n/0_0_pubajia_0123.jpg
n/0_0_pubajia_0159.jpg
n/0_0_pubajia_0195.jpg
n/0_0_pubajia_0197.jpg
n/0_0_qiqi_0040.jpg
n/0_0_qiqi_0119.jpg
n/0_0_qiuze_0095.jpg
n/0_0_qiuze_0096.jpg
n/0_0_qiuze_0107.jpg
n/0_0_qiuze_0122.jpg
n/0_0_qiuze_0129.jpg
n/0_0_qiuze_0141.jpg
n/0_0_qiwei_0080.jpg
n/0_0_qiwei_0081.jpg
n/0_0_qiwei_0118.jpg
n/0_0_qiwei_0122.jpg
n/0_0_qiwei_0150.jpg
n/0_0_qiwei_0175.jpg
n/0_0_qiwei_0179.jpg
n/0_0_qiwei_0231.jpg
n/0_0_qiwei_0235.jpg
n/0_0_qiwei_0256.jpg
n/0_0_qiwei_0260.jpg
n/0_0_qiwei_0261.jpg
n/0_0_raowei_0012.jpg
n/0_0_raowei_0014.jpg
n/0_0_raowei_0024.jpg
n/0_0_raowei_0042.jpg
n/0_0_shaofeng_0014.jpg
n/0_0_shaofeng_0023.jpg
n/0_0_shenmengchen_0064.jpg
n/0_0_shenmengchen_0069.jpg
n/0_0_shenmengchen_0076.jpg
n/0_0_shenmengchen_0089.jpg
n/0_0_shenmengchen_0090.jpg
n/0_0_baobeier_0062.jpg
n/0_0_baobeier_0064.jpg
n/0_0_baobeier_0098.jpg
n/0_0_baobeier_0099.jpg
n/0_0_baobeier_0140.jpg
n/0_0_benxi_0054.jpg
n/0_0_benxi_0129.jpg
n/0_0_benxi_0187.jpg
n/0_0_caiguoqing_0007.jpg
n/0_0_caiguoqing_0067.jpg
n/0_0_caiguoqing_0093.jpg
n/0_0_caiguoqing_0113.jpg
n/0_0_caiguoqing_0130.jpg
n/0_0_caiguoqing_0146.jpg
n/0_0_caiyilin_0024.jpg
n/0_0_caiyilin_0029.jpg
n/0_0_caiyilin_0050.jpg
n/0_0_caiyilin_0051.jpg
n/0_0_caiyilin_0100.jpg
n/0_0_caiyilin_0101.jpg
n/0_0_caizhuoyan_0001.jpg
n/0_0_caizhuoyan_0004.jpg
n/0_0_caizhuoyan_0009.jpg
n/0_0_caizhuoyan_0013.jpg
n/0_0_caizhuoyan_0014.jpg
n/0_0_caizhuoyan_0017.jpg
n/0_0_caizhuoyan_0027.jpg
n/0_0_caizhuoyan_0029.jpg
n/0_0_caizhuoyan_0041.jpg
n/0_0_caizhuoyan_0046.jpg
n/0_0_caizhuoyan_0048.jpg
n/0_0_caizhuoyan_0065.jpg
n/0_0_caizhuoyan_0067.jpg
n/0_0_caizhuoyan_0068.jpg
n/0_0_cengyongti_0003.jpg
n/0_0_cengyongti_0016.jpg
n/0_0_cengyongti_0037.jpg
n/0_0_cengyongti_0042.jpg
n/0_0_cengyongti_0058.jpg
n/0_0_cengyongti_0063.jpg
n/0_0_cengyongti_0087.jpg
n/0_0_cengyongti_0091.jpg
n/0_0_changshilei_0182.jpg
n/0_0_chenglong_0036.jpg
n/0_0_chenglong_0063.jpg
n/0_0_chenglong_0070.jpg
n/0_0_chenhaomin_0023.jpg
n/0_0_chenhaomin_0053.jpg
n/0_0_chenhaomin_0114.jpg
n/0_0_chenhaomin_0117.jpg
n/0_0_chenhaomin_0120.jpg
n/0_0_chenhe_0007.jpg
n/0_0_chenhe_0031.jpg
n/0_0_chenhe_0049.jpg
n/0_0_chenhuilin_0018.jpg
n/0_0_chenhuilin_0023.jpg
n/0_0_chenhuilin_0048.jpg
n/0_0_chenhuilin_0076.jpg
n/0_0_chenhuilin_0085.jpg
n/0_0_chenhuilin_0094.jpg
n/0_0_chenhuilin_0096.jpg
n/0_0_chenhuilin_0099.jpg
n/0_0_chenhuilin_0104.jpg
n/0_0_chenhuilin_0114.jpg
n/0_0_chenxiang_0005.jpg
n/0_0_chenxiang_0006.jpg
n/0_0_chenxiang_0038.jpg
n/0_0_chenxiang_0039.jpg
n/0_0_chenxiang_0070.jpg
n/0_0_chenxiang_0071.jpg
n/0_0_chenxuedong_0049.jpg
n/0_0_chenxuedong_0050.jpg
n/0_0_chenxuedong_0070.jpg
n/0_0_chenxuedong_0074.jpg
n/0_0_chenyao_0013.jpg
n/0_0_chenyao_0016.jpg
n/0_0_chenyao_0024.jpg
n/0_0_chenyao_0027.jpg
n/0_0_chenyao_0033.jpg
n/0_0_chenyao_0038.jpg
n/0_0_chenyao_0043.jpg
n/0_0_chenyao_0044.jpg
n/0_0_chenyao_0051.jpg
n/0_0_chenyao_0053.jpg
n/0_0_chenyao_0063.jpg
n/0_0_chenyao_0065.jpg
n/0_0_chenyao_0073.jpg
n/0_0_chenyao_0074.jpg
n/0_0_dongchengpeng_0001.jpg
n/0_0_dongchengpeng_0004.jpg
n/0_0_dongchengpeng_0005.jpg
n/0_0_dongchengpeng_0016.jpg
n/0_0_dongchengpeng_0018.jpg
n/0_0_dongchengpeng_0020.jpg
n/0_0_dongchengpeng_0021.jpg
n/0_0_dongchengpeng_0042.jpg
n/0_0_fanshiqi_0002.jpg
n/0_0_fanshiqi_0012.jpg
n/0_0_fanshiqi_0029.jpg
n/0_0_fanshiqi_0089.jpg
n/0_0_fanshiqi_0092.jpg
n/0_0_fanshiqi_0094.jpg
n/0_0_fanwei_0012.jpg
n/0_0_fanwei_0017.jpg
n/0_0_fanyichen_0011.jpg
n/0_0_fanyichen_0018.jpg
n/0_0_fanyichen_0029.jpg
n/0_0_fanyichen_0040.jpg
n/0_0_fanyichen_0049.jpg
n/0_0_fanyichen_0053.jpg
n/0_0_fanyichen_0063.jpg
n/0_0_fanyichen_0068.jpg
n/0_0_fanyichen_0078.jpg
n/0_0_fanyichen_0081.jpg
n/0_0_fanyichen_0091.jpg
n/0_0_fanyichen_0099.jpg
n/0_0_fengjianyu_0036.jpg
n/0_0_fengjianyu_0042.jpg
n/0_0_fengjianyu_0059.jpg
n/0_0_fengjianyu_0072.jpg
n/0_0_guanyue_0010.jpg
n/0_0_guanyue_0011.jpg
n/0_0_guanyue_0040.jpg
n/0_0_guanyue_0048.jpg
n/0_0_guanyue_0072.jpg
n/0_0_guanyue_0083.jpg
n/0_0_gulinazha_0035.jpg
n/0_0_gulinazha_0038.jpg
n/0_0_gulinazha_0058.jpg
n/0_0_gulinazha_0060.jpg
n/0_0_gulinazha_0078.jpg
n/0_0_gulinazha_0082.jpg
n/0_0_gulinazha_0149.jpg
n/0_0_gulinazha_0172.jpg
n/0_0_haiqing_0170.jpg
n/0_0_haiqing_0173.jpg
n/0_0_hanxue_0004.jpg
n/0_0_hanxue_0010.jpg
n/0_0_hanxue_0021.jpg
n/0_0_hanxue_0062.jpg
n/0_0_hanxue_0073.jpg
n/0_0_hanxue_0085.jpg
n/0_0_hanxue_0088.jpg
n/0_0_hanxue_0091.jpg
n/0_0_hanxue_0096.jpg
n/0_0_huangjinglun_0004.jpg
n/0_0_huangjinglun_0008.jpg
n/0_0_huangjinglun_0010.jpg
n/0_0_huangjinglun_0017.jpg
n/0_0_huangtingting_0008.jpg
n/0_0_huangtingting_0010.jpg
n/0_0_huangtingting_0034.jpg
n/0_0_huangtingting_0035.jpg
n/0_0_huge_0018.jpg
n/0_0_huge_0019.jpg
n/0_0_huge_0029.jpg
n/0_0_huge_0039.jpg
n/0_0_huge_0045.jpg
n/0_0_huge_0061.jpg
n/0_0_huxia_0097.jpg
n/0_0_huxia_0121.jpg
n/0_0_jianailiang_0005.jpg
n/0_0_jianailiang_0006.jpg
n/0_0_jianailiang_0007.jpg
n/0_0_jianailiang_0015.jpg
n/0_0_jianailiang_0024.jpg
n/0_0_jianailiang_0030.jpg
n/0_0_jiayuanyuan_0015.jpg
n/0_0_jiayuanyuan_0022.jpg
n/0_0_jiayuanyuan_0042.jpg
n/0_0_jiayuanyuan_0059.jpg
n/0_0_jiayuanyuan_0130.jpg
n/0_0_jiayuanyuan_0134.jpg
n/0_0_jiayuanyuan_0154.jpg
n/0_0_jiayuanyuan_0172.jpg
n/0_0_jiayuanyuan_0175.jpg
n/0_0_jiayuanyuan_0179.jpg
n/0_0_jiayuanyuan_0189.jpg
n/0_0_jiayuanyuan_0194.jpg
n/0_0_jinchen_0071.jpg
n/0_0_jinchen_0082.jpg
n/0_0_jinchen_0120.jpg
n/0_0_jinchen_0125.jpg
n/0_0_jingbairan_0003.jpg
n/0_0_jingbairan_0004.jpg
n/0_0_jingbairan_0007.jpg
n/0_0_jingbairan_0014.jpg
n/0_0_jingbairan_0018.jpg
n/0_0_jingbairan_0019.jpg
n/0_0_jinggangshan_0011.jpg
n/0_0_jinggangshan_0019.jpg
n/0_0_jinggangshan_0070.jpg
n/0_0_jinggangshan_0083.jpg
n/0_0_lanxi_0036.jpg
n/0_0_lanxi_0037.jpg
n/0_0_lanxi_0072.jpg
n/0_0_lanxi_0080.jpg
n/0_0_licaihua_0002.jpg
n/0_0_licaihua_0004.jpg
n/0_0_licaihua_0031.jpg
n/0_0_licaihua_0036.jpg
n/0_0_licaihua_0058.jpg
n/0_0_licaihua_0066.jpg
n/0_0_lijian_0006.jpg
n/0_0_lijian_0012.jpg
n/0_0_lijian_0035.jpg
n/0_0_lijian_0054.jpg
n/0_0_lijinming_0045.jpg
n/0_0_lijinming_0048.jpg
n/0_0_lijinming_0070.jpg
n/0_0_aidai_0014.jpg
n/0_0_aidai_0029.jpg
n/0_0_aidai_0043.jpg
n/0_0_aidai_0074.jpg
n/0_0_aidai_0084.jpg
n/0_0_aidai_0136.jpg
n/0_0_anhu_0004.jpg
n/0_0_anhu_0020.jpg
n/0_0_anhu_0025.jpg
n/0_0_anhu_0027.jpg
n/0_0_anhu_0056.jpg
n/0_0_anhu_0057.jpg
n/0_0_anhu_0062.jpg
n/0_0_anhu_0063.jpg
n/0_0_anhu_0098.jpg
n/0_0_anhu_0103.jpg
n/0_0_anhu_0155.jpg
n/0_0_anhu_0157.jpg
n/0_0_anhu_0189.jpg
n/0_0_anhu_0201.jpg
n/0_0_anhu_0205.jpg
n/0_0_anhu_0209.jpg
n/0_0_anhu_0211.jpg
n/0_0_anhu_0214.jpg
n/0_0_anhu_0216.jpg
n/0_0_baibaihe_0077.jpg
n/0_0_baibaihe_0085.jpg
n/0_0_baibaihe_0093.jpg
n/0_0_baibaihe_0204.jpg
n/0_0_baibaihe_0216.jpg
n/0_0_baibaihe_0236.jpg
n/0_0_baobeier_0014.jpg
n/0_0_baobeier_0016.jpg
n/0_0_baobeier_0020.jpg
n/0_0_baobeier_0046.jpg
n/87.jpeg
n/86.jpeg
n/85.jpg
n/82.jpg
n/78.jpg
n/75.jpg
n/72.jpg
n/71.jpg
n/68.JPG
n/60.jpg
n/41.jpg
n/38.jpg
n/35.jpg
n/25.jpg
n/21.jpg
n/8.jpg
n/5.jpg